running egg_info
creating ../../build/robo_leader/robo_leader.egg-info
writing ../../build/robo_leader/robo_leader.egg-info/PKG-INFO
writing dependency_links to ../../build/robo_leader/robo_leader.egg-info/dependency_links.txt
writing entry points to ../../build/robo_leader/robo_leader.egg-info/entry_points.txt
writing requirements to ../../build/robo_leader/robo_leader.egg-info/requires.txt
writing top-level names to ../../build/robo_leader/robo_leader.egg-info/top_level.txt
writing manifest file '../../build/robo_leader/robo_leader.egg-info/SOURCES.txt'
reading manifest file '../../build/robo_leader/robo_leader.egg-info/SOURCES.txt'
writing manifest file '../../build/robo_leader/robo_leader.egg-info/SOURCES.txt'
running build
running build_py
creating /home/fsrobo/master-slave-robohub/build/robo_leader/build
creating /home/fsrobo/master-slave-robohub/build/robo_leader/build/lib
creating /home/fsrobo/master-slave-robohub/build/robo_leader/build/lib/robo_leader
copying robo_leader/__init__.py -> /home/fsrobo/master-slave-robohub/build/robo_leader/build/lib/robo_leader
copying robo_leader/robo_leader.py -> /home/fsrobo/master-slave-robohub/build/robo_leader/build/lib/robo_leader
running install
running install_lib
creating /home/fsrobo/master-slave-robohub/install/robo_leader/lib/python3.10/site-packages/robo_leader
copying /home/fsrobo/master-slave-robohub/build/robo_leader/build/lib/robo_leader/__init__.py -> /home/fsrobo/master-slave-robohub/install/robo_leader/lib/python3.10/site-packages/robo_leader
copying /home/fsrobo/master-slave-robohub/build/robo_leader/build/lib/robo_leader/robo_leader.py -> /home/fsrobo/master-slave-robohub/install/robo_leader/lib/python3.10/site-packages/robo_leader
byte-compiling /home/fsrobo/master-slave-robohub/install/robo_leader/lib/python3.10/site-packages/robo_leader/__init__.py to __init__.cpython-310.pyc
byte-compiling /home/fsrobo/master-slave-robohub/install/robo_leader/lib/python3.10/site-packages/robo_leader/robo_leader.py to robo_leader.cpython-310.pyc
running install_data
creating /home/fsrobo/master-slave-robohub/install/robo_leader/share/ament_index
creating /home/fsrobo/master-slave-robohub/install/robo_leader/share/ament_index/resource_index
creating /home/fsrobo/master-slave-robohub/install/robo_leader/share/ament_index/resource_index/packages
copying resource/robo_leader -> /home/fsrobo/master-slave-robohub/install/robo_leader/share/ament_index/resource_index/packages
copying package.xml -> /home/fsrobo/master-slave-robohub/install/robo_leader/share/robo_leader
running install_egg_info
Copying ../../build/robo_leader/robo_leader.egg-info to /home/fsrobo/master-slave-robohub/install/robo_leader/lib/python3.10/site-packages/robo_leader-0.0.0-py3.10.egg-info
running install_scripts
Installing leader script to /home/fsrobo/master-slave-robohub/install/robo_leader/lib/robo_leader
writing list of installed files to '/home/fsrobo/master-slave-robohub/build/robo_leader/install.log'
