[0.526s] Invoking command in '/home/fsrobo/master-slave-robohub/src/robo_leader': AMENT_PREFIX_PATH=/home/fsrobo/master-slave-robohub/install/robo_interfaces:${AMENT_PREFIX_PATH} CMAKE_PREFIX_PATH=/home/fsrobo/master-slave-robohub/install/robo_interfaces:${CMAKE_PREFIX_PATH} LD_LIBRARY_PATH=/home/fsrobo/master-slave-robohub/install/robo_interfaces/lib:${LD_LIBRARY_PATH} PYTHONPATH=/home/fsrobo/master-slave-robohub/build/robo_leader/prefix_override:/usr/lib/python3/dist-packages/colcon_core/task/python/colcon_distutils_commands:/home/fsrobo/master-slave-robohub/install/robo_leader/lib/python3.10/site-packages:/home/fsrobo/master-slave-robohub/install/robo_interfaces/local/lib/python3.10/dist-packages:${PYTHONPATH} /usr/bin/python3 -W ignore:setup.py install is deprecated -W ignore:easy_install command is deprecated setup.py egg_info --egg-base ../../build/robo_leader build --build-base /home/fsrobo/master-slave-robohub/build/robo_leader/build install --record /home/fsrobo/master-slave-robohub/build/robo_leader/install.log --single-version-externally-managed install_data
[0.667s] running egg_info
[0.667s] creating ../../build/robo_leader/robo_leader.egg-info
[0.668s] writing ../../build/robo_leader/robo_leader.egg-info/PKG-INFO
[0.668s] writing dependency_links to ../../build/robo_leader/robo_leader.egg-info/dependency_links.txt
[0.668s] writing entry points to ../../build/robo_leader/robo_leader.egg-info/entry_points.txt
[0.668s] writing requirements to ../../build/robo_leader/robo_leader.egg-info/requires.txt
[0.668s] writing top-level names to ../../build/robo_leader/robo_leader.egg-info/top_level.txt
[0.668s] writing manifest file '../../build/robo_leader/robo_leader.egg-info/SOURCES.txt'
[0.669s] reading manifest file '../../build/robo_leader/robo_leader.egg-info/SOURCES.txt'
[0.670s] writing manifest file '../../build/robo_leader/robo_leader.egg-info/SOURCES.txt'
[0.670s] running build
[0.670s] running build_py
[0.670s] creating /home/fsrobo/master-slave-robohub/build/robo_leader/build
[0.670s] creating /home/fsrobo/master-slave-robohub/build/robo_leader/build/lib
[0.670s] creating /home/fsrobo/master-slave-robohub/build/robo_leader/build/lib/robo_leader
[0.670s] copying robo_leader/__init__.py -> /home/fsrobo/master-slave-robohub/build/robo_leader/build/lib/robo_leader
[0.670s] copying robo_leader/robo_leader.py -> /home/fsrobo/master-slave-robohub/build/robo_leader/build/lib/robo_leader
[0.671s] running install
[0.671s] running install_lib
[0.671s] creating /home/fsrobo/master-slave-robohub/install/robo_leader/lib/python3.10/site-packages/robo_leader
[0.672s] copying /home/fsrobo/master-slave-robohub/build/robo_leader/build/lib/robo_leader/__init__.py -> /home/fsrobo/master-slave-robohub/install/robo_leader/lib/python3.10/site-packages/robo_leader
[0.672s] copying /home/fsrobo/master-slave-robohub/build/robo_leader/build/lib/robo_leader/robo_leader.py -> /home/fsrobo/master-slave-robohub/install/robo_leader/lib/python3.10/site-packages/robo_leader
[0.672s] byte-compiling /home/fsrobo/master-slave-robohub/install/robo_leader/lib/python3.10/site-packages/robo_leader/__init__.py to __init__.cpython-310.pyc
[0.672s] byte-compiling /home/fsrobo/master-slave-robohub/install/robo_leader/lib/python3.10/site-packages/robo_leader/robo_leader.py to robo_leader.cpython-310.pyc
[0.673s] running install_data
[0.673s] creating /home/fsrobo/master-slave-robohub/install/robo_leader/share/ament_index
[0.673s] creating /home/fsrobo/master-slave-robohub/install/robo_leader/share/ament_index/resource_index
[0.673s] creating /home/fsrobo/master-slave-robohub/install/robo_leader/share/ament_index/resource_index/packages
[0.673s] copying resource/robo_leader -> /home/fsrobo/master-slave-robohub/install/robo_leader/share/ament_index/resource_index/packages
[0.673s] copying package.xml -> /home/fsrobo/master-slave-robohub/install/robo_leader/share/robo_leader
[0.673s] running install_egg_info
[0.674s] Copying ../../build/robo_leader/robo_leader.egg-info to /home/fsrobo/master-slave-robohub/install/robo_leader/lib/python3.10/site-packages/robo_leader-0.0.0-py3.10.egg-info
[0.675s] running install_scripts
[0.691s] Installing leader script to /home/fsrobo/master-slave-robohub/install/robo_leader/lib/robo_leader
[0.691s] writing list of installed files to '/home/fsrobo/master-slave-robohub/build/robo_leader/install.log'
[0.712s] Invoked command in '/home/fsrobo/master-slave-robohub/src/robo_leader' returned '0': AMENT_PREFIX_PATH=/home/fsrobo/master-slave-robohub/install/robo_interfaces:${AMENT_PREFIX_PATH} CMAKE_PREFIX_PATH=/home/fsrobo/master-slave-robohub/install/robo_interfaces:${CMAKE_PREFIX_PATH} LD_LIBRARY_PATH=/home/fsrobo/master-slave-robohub/install/robo_interfaces/lib:${LD_LIBRARY_PATH} PYTHONPATH=/home/fsrobo/master-slave-robohub/build/robo_leader/prefix_override:/usr/lib/python3/dist-packages/colcon_core/task/python/colcon_distutils_commands:/home/fsrobo/master-slave-robohub/install/robo_leader/lib/python3.10/site-packages:/home/fsrobo/master-slave-robohub/install/robo_interfaces/local/lib/python3.10/dist-packages:${PYTHONPATH} /usr/bin/python3 -W ignore:setup.py install is deprecated -W ignore:easy_install command is deprecated setup.py egg_info --egg-base ../../build/robo_leader build --build-base /home/fsrobo/master-slave-robohub/build/robo_leader/build install --record /home/fsrobo/master-slave-robohub/build/robo_leader/install.log --single-version-externally-managed install_data
