running egg_info
creating ../../build/robo_follower/robo_follower.egg-info
writing ../../build/robo_follower/robo_follower.egg-info/PKG-INFO
writing dependency_links to ../../build/robo_follower/robo_follower.egg-info/dependency_links.txt
writing entry points to ../../build/robo_follower/robo_follower.egg-info/entry_points.txt
writing requirements to ../../build/robo_follower/robo_follower.egg-info/requires.txt
writing top-level names to ../../build/robo_follower/robo_follower.egg-info/top_level.txt
writing manifest file '../../build/robo_follower/robo_follower.egg-info/SOURCES.txt'
reading manifest file '../../build/robo_follower/robo_follower.egg-info/SOURCES.txt'
writing manifest file '../../build/robo_follower/robo_follower.egg-info/SOURCES.txt'
running build
running build_py
creating /home/fsrobo/master-slave-robohub/build/robo_follower/build
creating /home/fsrobo/master-slave-robohub/build/robo_follower/build/lib
creating /home/fsrobo/master-slave-robohub/build/robo_follower/build/lib/robo_follower
copying robo_follower/robo_follower.py -> /home/fsrobo/master-slave-robohub/build/robo_follower/build/lib/robo_follower
copying robo_follower/__init__.py -> /home/fsrobo/master-slave-robohub/build/robo_follower/build/lib/robo_follower
running install
running install_lib
creating /home/fsrobo/master-slave-robohub/install/robo_follower/lib/python3.10/site-packages/robo_follower
copying /home/fsrobo/master-slave-robohub/build/robo_follower/build/lib/robo_follower/robo_follower.py -> /home/fsrobo/master-slave-robohub/install/robo_follower/lib/python3.10/site-packages/robo_follower
copying /home/fsrobo/master-slave-robohub/build/robo_follower/build/lib/robo_follower/__init__.py -> /home/fsrobo/master-slave-robohub/install/robo_follower/lib/python3.10/site-packages/robo_follower
byte-compiling /home/fsrobo/master-slave-robohub/install/robo_follower/lib/python3.10/site-packages/robo_follower/robo_follower.py to robo_follower.cpython-310.pyc
byte-compiling /home/fsrobo/master-slave-robohub/install/robo_follower/lib/python3.10/site-packages/robo_follower/__init__.py to __init__.cpython-310.pyc
running install_data
creating /home/fsrobo/master-slave-robohub/install/robo_follower/share/ament_index
creating /home/fsrobo/master-slave-robohub/install/robo_follower/share/ament_index/resource_index
creating /home/fsrobo/master-slave-robohub/install/robo_follower/share/ament_index/resource_index/packages
copying resource/robo_follower -> /home/fsrobo/master-slave-robohub/install/robo_follower/share/ament_index/resource_index/packages
copying package.xml -> /home/fsrobo/master-slave-robohub/install/robo_follower/share/robo_follower
running install_egg_info
Copying ../../build/robo_follower/robo_follower.egg-info to /home/fsrobo/master-slave-robohub/install/robo_follower/lib/python3.10/site-packages/robo_follower-0.0.0-py3.10.egg-info
running install_scripts
Installing follower script to /home/fsrobo/master-slave-robohub/install/robo_follower/lib/robo_follower
writing list of installed files to '/home/fsrobo/master-slave-robohub/build/robo_follower/install.log'
