[0.639s] Invoking command in '/home/fsrobo/master-slave-robohub/src/robo_leader': PYTHONPATH=/home/fsrobo/master-slave-robohub/build/robo_leader/prefix_override:/usr/lib/python3/dist-packages/colcon_core/task/python/colcon_distutils_commands:/home/fsrobo/master-slave-robohub/install/robo_leader/lib/python3.10/site-packages:${PYTHONPATH} /usr/bin/python3 -W ignore:setup.py install is deprecated -W ignore:easy_install command is deprecated setup.py egg_info --egg-base ../../build/robo_leader build --build-base /home/fsrobo/master-slave-robohub/build/robo_leader/build install --record /home/fsrobo/master-slave-robohub/build/robo_leader/install.log --single-version-externally-managed install_data
[0.808s] running egg_info
[0.809s] writing ../../build/robo_leader/robo_leader.egg-info/PKG-INFO
[0.809s] writing dependency_links to ../../build/robo_leader/robo_leader.egg-info/dependency_links.txt
[0.809s] writing entry points to ../../build/robo_leader/robo_leader.egg-info/entry_points.txt
[0.809s] writing requirements to ../../build/robo_leader/robo_leader.egg-info/requires.txt
[0.809s] writing top-level names to ../../build/robo_leader/robo_leader.egg-info/top_level.txt
[0.810s] reading manifest file '../../build/robo_leader/robo_leader.egg-info/SOURCES.txt'
[0.811s] writing manifest file '../../build/robo_leader/robo_leader.egg-info/SOURCES.txt'
[0.811s] running build
[0.811s] running build_py
[0.811s] running install
[0.811s] running install_lib
[0.812s] running install_data
[0.812s] running install_egg_info
[0.813s] removing '/home/fsrobo/master-slave-robohub/install/robo_leader/lib/python3.10/site-packages/robo_leader-0.0.0-py3.10.egg-info' (and everything under it)
[0.813s] Copying ../../build/robo_leader/robo_leader.egg-info to /home/fsrobo/master-slave-robohub/install/robo_leader/lib/python3.10/site-packages/robo_leader-0.0.0-py3.10.egg-info
[0.814s] running install_scripts
[0.831s] Installing leader script to /home/fsrobo/master-slave-robohub/install/robo_leader/lib/robo_leader
[0.831s] writing list of installed files to '/home/fsrobo/master-slave-robohub/build/robo_leader/install.log'
[0.855s] Invoked command in '/home/fsrobo/master-slave-robohub/src/robo_leader' returned '0': PYTHONPATH=/home/fsrobo/master-slave-robohub/build/robo_leader/prefix_override:/usr/lib/python3/dist-packages/colcon_core/task/python/colcon_distutils_commands:/home/fsrobo/master-slave-robohub/install/robo_leader/lib/python3.10/site-packages:${PYTHONPATH} /usr/bin/python3 -W ignore:setup.py install is deprecated -W ignore:easy_install command is deprecated setup.py egg_info --egg-base ../../build/robo_leader build --build-base /home/fsrobo/master-slave-robohub/build/robo_leader/build install --record /home/fsrobo/master-slave-robohub/build/robo_leader/install.log --single-version-externally-managed install_data
