[35m[1mConsolidate compiler generated dependencies of target robo_interfaces__rosidl_generator_c[0m
[  2%] Built target robo_interfaces__cpp
[ 12%] Built target robo_interfaces__rosidl_generator_c
[ 12%] Built target ament_cmake_python_copy_robo_interfaces
[35m[1mConsolidate compiler generated dependencies of target robo_interfaces__rosidl_typesupport_cpp[0m
[35m[1mConsolidate compiler generated dependencies of target robo_interfaces__rosidl_typesupport_introspection_c[0m
[35m[1mConsolidate compiler generated dependencies of target robo_interfaces__rosidl_typesupport_introspection_cpp[0m
[35m[1mConsolidate compiler generated dependencies of target robo_interfaces__rosidl_typesupport_c[0m
[35m[1mConsolidate compiler generated dependencies of target robo_interfaces__rosidl_typesupport_fastrtps_cpp[0m
[35m[1mConsolidate compiler generated dependencies of target robo_interfaces__rosidl_typesupport_fastrtps_c[0m
[ 23%] Built target robo_interfaces__rosidl_typesupport_introspection_c
[ 34%] Built target robo_interfaces__rosidl_typesupport_cpp
[ 44%] Built target robo_interfaces__rosidl_typesupport_introspection_cpp
[ 55%] Built target robo_interfaces__rosidl_typesupport_c
[ 76%] Built target robo_interfaces__rosidl_typesupport_fastrtps_c
[ 76%] Built target robo_interfaces__rosidl_typesupport_fastrtps_cpp
[ 76%] Built target robo_interfaces
[ 78%] Built target robo_interfaces__py
[35m[1mConsolidate compiler generated dependencies of target robo_interfaces__rosidl_generator_py[0m
[ 87%] Built target robo_interfaces__rosidl_generator_py
[35m[1mConsolidate compiler generated dependencies of target robo_interfaces__rosidl_typesupport_fastrtps_c__pyext[0m
[35m[1mConsolidate compiler generated dependencies of target robo_interfaces__rosidl_typesupport_introspection_c__pyext[0m
[35m[1mConsolidate compiler generated dependencies of target robo_interfaces__rosidl_typesupport_c__pyext[0m
[ 93%] Built target robo_interfaces__rosidl_typesupport_fastrtps_c__pyext
[ 95%] Built target robo_interfaces__rosidl_typesupport_introspection_c__pyext
[100%] Built target robo_interfaces__rosidl_typesupport_c__pyext
running egg_info
writing robo_interfaces.egg-info/PKG-INFO
writing dependency_links to robo_interfaces.egg-info/dependency_links.txt
writing top-level names to robo_interfaces.egg-info/top_level.txt
reading manifest file 'robo_interfaces.egg-info/SOURCES.txt'
writing manifest file 'robo_interfaces.egg-info/SOURCES.txt'
[100%] Built target ament_cmake_python_build_robo_interfaces_egg
-- Install configuration: ""
-- Up-to-date: /home/fsrobo/master-slave-robohub/install/robo_interfaces/share/ament_index/resource_index/rosidl_interfaces/robo_interfaces
-- Up-to-date: /home/fsrobo/master-slave-robohub/install/robo_interfaces/include/robo_interfaces/robo_interfaces
-- Up-to-date: /home/fsrobo/master-slave-robohub/install/robo_interfaces/include/robo_interfaces/robo_interfaces/srv
-- Up-to-date: /home/fsrobo/master-slave-robohub/install/robo_interfaces/include/robo_interfaces/robo_interfaces/srv/read_data.h
-- Up-to-date: /home/fsrobo/master-slave-robohub/install/robo_interfaces/include/robo_interfaces/robo_interfaces/srv/write_data.h
-- Up-to-date: /home/fsrobo/master-slave-robohub/install/robo_interfaces/include/robo_interfaces/robo_interfaces/srv/detail
-- Up-to-date: /home/fsrobo/master-slave-robohub/install/robo_interfaces/include/robo_interfaces/robo_interfaces/srv/detail/write_data__struct.h
-- Up-to-date: /home/fsrobo/master-slave-robohub/install/robo_interfaces/include/robo_interfaces/robo_interfaces/srv/detail/read_data__functions.h
-- Up-to-date: /home/fsrobo/master-slave-robohub/install/robo_interfaces/include/robo_interfaces/robo_interfaces/srv/detail/write_data__functions.c
-- Up-to-date: /home/fsrobo/master-slave-robohub/install/robo_interfaces/include/robo_interfaces/robo_interfaces/srv/detail/write_data__functions.h
-- Up-to-date: /home/fsrobo/master-slave-robohub/install/robo_interfaces/include/robo_interfaces/robo_interfaces/srv/detail/read_data__struct.h
-- Up-to-date: /home/fsrobo/master-slave-robohub/install/robo_interfaces/include/robo_interfaces/robo_interfaces/srv/detail/write_data__type_support.h
-- Up-to-date: /home/fsrobo/master-slave-robohub/install/robo_interfaces/include/robo_interfaces/robo_interfaces/srv/detail/read_data__functions.c
-- Up-to-date: /home/fsrobo/master-slave-robohub/install/robo_interfaces/include/robo_interfaces/robo_interfaces/srv/detail/read_data__type_support.h
-- Up-to-date: /home/fsrobo/master-slave-robohub/install/robo_interfaces/include/robo_interfaces/robo_interfaces/msg
-- Up-to-date: /home/fsrobo/master-slave-robohub/install/robo_interfaces/include/robo_interfaces/robo_interfaces/msg/rosidl_generator_c__visibility_control.h
-- Up-to-date: /home/fsrobo/master-slave-robohub/install/robo_interfaces/include/robo_interfaces/robo_interfaces/msg/set_angle.h
-- Up-to-date: /home/fsrobo/master-slave-robohub/install/robo_interfaces/include/robo_interfaces/robo_interfaces/msg/detail
-- Up-to-date: /home/fsrobo/master-slave-robohub/install/robo_interfaces/include/robo_interfaces/robo_interfaces/msg/detail/set_angle__functions.c
-- Up-to-date: /home/fsrobo/master-slave-robohub/install/robo_interfaces/include/robo_interfaces/robo_interfaces/msg/detail/set_angle__type_support.h
-- Up-to-date: /home/fsrobo/master-slave-robohub/install/robo_interfaces/include/robo_interfaces/robo_interfaces/msg/detail/set_angle__functions.h
-- Up-to-date: /home/fsrobo/master-slave-robohub/install/robo_interfaces/include/robo_interfaces/robo_interfaces/msg/detail/set_angle__struct.h
-- Up-to-date: /home/fsrobo/master-slave-robohub/install/robo_interfaces/share/robo_interfaces/environment/library_path.sh
-- Up-to-date: /home/fsrobo/master-slave-robohub/install/robo_interfaces/share/robo_interfaces/environment/library_path.dsv
-- Up-to-date: /home/fsrobo/master-slave-robohub/install/robo_interfaces/lib/librobo_interfaces__rosidl_generator_c.so
-- Up-to-date: /home/fsrobo/master-slave-robohub/install/robo_interfaces/include/robo_interfaces/robo_interfaces
-- Up-to-date: /home/fsrobo/master-slave-robohub/install/robo_interfaces/include/robo_interfaces/robo_interfaces/srv
-- Up-to-date: /home/fsrobo/master-slave-robohub/install/robo_interfaces/include/robo_interfaces/robo_interfaces/srv/detail
-- Up-to-date: /home/fsrobo/master-slave-robohub/install/robo_interfaces/include/robo_interfaces/robo_interfaces/srv/detail/read_data__rosidl_typesupport_fastrtps_c.h
-- Up-to-date: /home/fsrobo/master-slave-robohub/install/robo_interfaces/include/robo_interfaces/robo_interfaces/srv/detail/write_data__rosidl_typesupport_fastrtps_c.h
-- Up-to-date: /home/fsrobo/master-slave-robohub/install/robo_interfaces/include/robo_interfaces/robo_interfaces/msg
-- Up-to-date: /home/fsrobo/master-slave-robohub/install/robo_interfaces/include/robo_interfaces/robo_interfaces/msg/rosidl_typesupport_fastrtps_c__visibility_control.h
-- Up-to-date: /home/fsrobo/master-slave-robohub/install/robo_interfaces/include/robo_interfaces/robo_interfaces/msg/detail
-- Up-to-date: /home/fsrobo/master-slave-robohub/install/robo_interfaces/include/robo_interfaces/robo_interfaces/msg/detail/set_angle__rosidl_typesupport_fastrtps_c.h
-- Up-to-date: /home/fsrobo/master-slave-robohub/install/robo_interfaces/lib/librobo_interfaces__rosidl_typesupport_fastrtps_c.so
-- Up-to-date: /home/fsrobo/master-slave-robohub/install/robo_interfaces/include/robo_interfaces/robo_interfaces
-- Up-to-date: /home/fsrobo/master-slave-robohub/install/robo_interfaces/include/robo_interfaces/robo_interfaces/srv
-- Up-to-date: /home/fsrobo/master-slave-robohub/install/robo_interfaces/include/robo_interfaces/robo_interfaces/srv/detail
-- Up-to-date: /home/fsrobo/master-slave-robohub/install/robo_interfaces/include/robo_interfaces/robo_interfaces/srv/detail/write_data__rosidl_typesupport_introspection_c.h
-- Up-to-date: /home/fsrobo/master-slave-robohub/install/robo_interfaces/include/robo_interfaces/robo_interfaces/srv/detail/write_data__type_support.c
-- Up-to-date: /home/fsrobo/master-slave-robohub/install/robo_interfaces/include/robo_interfaces/robo_interfaces/srv/detail/read_data__type_support.c
-- Up-to-date: /home/fsrobo/master-slave-robohub/install/robo_interfaces/include/robo_interfaces/robo_interfaces/srv/detail/read_data__rosidl_typesupport_introspection_c.h
-- Up-to-date: /home/fsrobo/master-slave-robohub/install/robo_interfaces/include/robo_interfaces/robo_interfaces/msg
-- Up-to-date: /home/fsrobo/master-slave-robohub/install/robo_interfaces/include/robo_interfaces/robo_interfaces/msg/rosidl_typesupport_introspection_c__visibility_control.h
-- Up-to-date: /home/fsrobo/master-slave-robohub/install/robo_interfaces/include/robo_interfaces/robo_interfaces/msg/detail
-- Up-to-date: /home/fsrobo/master-slave-robohub/install/robo_interfaces/include/robo_interfaces/robo_interfaces/msg/detail/set_angle__type_support.c
-- Up-to-date: /home/fsrobo/master-slave-robohub/install/robo_interfaces/include/robo_interfaces/robo_interfaces/msg/detail/set_angle__rosidl_typesupport_introspection_c.h
-- Up-to-date: /home/fsrobo/master-slave-robohub/install/robo_interfaces/lib/librobo_interfaces__rosidl_typesupport_introspection_c.so
-- Up-to-date: /home/fsrobo/master-slave-robohub/install/robo_interfaces/lib/librobo_interfaces__rosidl_typesupport_c.so
-- Up-to-date: /home/fsrobo/master-slave-robohub/install/robo_interfaces/include/robo_interfaces/robo_interfaces
-- Up-to-date: /home/fsrobo/master-slave-robohub/install/robo_interfaces/include/robo_interfaces/robo_interfaces/srv
-- Up-to-date: /home/fsrobo/master-slave-robohub/install/robo_interfaces/include/robo_interfaces/robo_interfaces/srv/write_data.hpp
-- Up-to-date: /home/fsrobo/master-slave-robohub/install/robo_interfaces/include/robo_interfaces/robo_interfaces/srv/read_data.hpp
-- Up-to-date: /home/fsrobo/master-slave-robohub/install/robo_interfaces/include/robo_interfaces/robo_interfaces/srv/detail
-- Up-to-date: /home/fsrobo/master-slave-robohub/install/robo_interfaces/include/robo_interfaces/robo_interfaces/srv/detail/read_data__struct.hpp
-- Up-to-date: /home/fsrobo/master-slave-robohub/install/robo_interfaces/include/robo_interfaces/robo_interfaces/srv/detail/read_data__builder.hpp
-- Up-to-date: /home/fsrobo/master-slave-robohub/install/robo_interfaces/include/robo_interfaces/robo_interfaces/srv/detail/write_data__traits.hpp
-- Up-to-date: /home/fsrobo/master-slave-robohub/install/robo_interfaces/include/robo_interfaces/robo_interfaces/srv/detail/write_data__type_support.hpp
-- Up-to-date: /home/fsrobo/master-slave-robohub/install/robo_interfaces/include/robo_interfaces/robo_interfaces/srv/detail/read_data__type_support.hpp
-- Up-to-date: /home/fsrobo/master-slave-robohub/install/robo_interfaces/include/robo_interfaces/robo_interfaces/srv/detail/write_data__builder.hpp
-- Up-to-date: /home/fsrobo/master-slave-robohub/install/robo_interfaces/include/robo_interfaces/robo_interfaces/srv/detail/write_data__struct.hpp
-- Up-to-date: /home/fsrobo/master-slave-robohub/install/robo_interfaces/include/robo_interfaces/robo_interfaces/srv/detail/read_data__traits.hpp
-- Up-to-date: /home/fsrobo/master-slave-robohub/install/robo_interfaces/include/robo_interfaces/robo_interfaces/msg
-- Up-to-date: /home/fsrobo/master-slave-robohub/install/robo_interfaces/include/robo_interfaces/robo_interfaces/msg/set_angle.hpp
-- Up-to-date: /home/fsrobo/master-slave-robohub/install/robo_interfaces/include/robo_interfaces/robo_interfaces/msg/detail
-- Up-to-date: /home/fsrobo/master-slave-robohub/install/robo_interfaces/include/robo_interfaces/robo_interfaces/msg/detail/set_angle__type_support.hpp
-- Up-to-date: /home/fsrobo/master-slave-robohub/install/robo_interfaces/include/robo_interfaces/robo_interfaces/msg/detail/set_angle__struct.hpp
-- Up-to-date: /home/fsrobo/master-slave-robohub/install/robo_interfaces/include/robo_interfaces/robo_interfaces/msg/detail/set_angle__builder.hpp
-- Up-to-date: /home/fsrobo/master-slave-robohub/install/robo_interfaces/include/robo_interfaces/robo_interfaces/msg/detail/set_angle__traits.hpp
-- Up-to-date: /home/fsrobo/master-slave-robohub/install/robo_interfaces/include/robo_interfaces/robo_interfaces/msg/rosidl_generator_cpp__visibility_control.hpp
-- Up-to-date: /home/fsrobo/master-slave-robohub/install/robo_interfaces/include/robo_interfaces/robo_interfaces
-- Up-to-date: /home/fsrobo/master-slave-robohub/install/robo_interfaces/include/robo_interfaces/robo_interfaces/srv
-- Up-to-date: /home/fsrobo/master-slave-robohub/install/robo_interfaces/include/robo_interfaces/robo_interfaces/srv/detail
-- Up-to-date: /home/fsrobo/master-slave-robohub/install/robo_interfaces/include/robo_interfaces/robo_interfaces/srv/detail/dds_fastrtps
-- Up-to-date: /home/fsrobo/master-slave-robohub/install/robo_interfaces/include/robo_interfaces/robo_interfaces/srv/detail/read_data__rosidl_typesupport_fastrtps_cpp.hpp
-- Up-to-date: /home/fsrobo/master-slave-robohub/install/robo_interfaces/include/robo_interfaces/robo_interfaces/srv/detail/write_data__rosidl_typesupport_fastrtps_cpp.hpp
-- Up-to-date: /home/fsrobo/master-slave-robohub/install/robo_interfaces/include/robo_interfaces/robo_interfaces/msg
-- Up-to-date: /home/fsrobo/master-slave-robohub/install/robo_interfaces/include/robo_interfaces/robo_interfaces/msg/rosidl_typesupport_fastrtps_cpp__visibility_control.h
-- Up-to-date: /home/fsrobo/master-slave-robohub/install/robo_interfaces/include/robo_interfaces/robo_interfaces/msg/detail
-- Up-to-date: /home/fsrobo/master-slave-robohub/install/robo_interfaces/include/robo_interfaces/robo_interfaces/msg/detail/dds_fastrtps
-- Up-to-date: /home/fsrobo/master-slave-robohub/install/robo_interfaces/include/robo_interfaces/robo_interfaces/msg/detail/set_angle__rosidl_typesupport_fastrtps_cpp.hpp
-- Up-to-date: /home/fsrobo/master-slave-robohub/install/robo_interfaces/lib/librobo_interfaces__rosidl_typesupport_fastrtps_cpp.so
-- Up-to-date: /home/fsrobo/master-slave-robohub/install/robo_interfaces/include/robo_interfaces/robo_interfaces
-- Up-to-date: /home/fsrobo/master-slave-robohub/install/robo_interfaces/include/robo_interfaces/robo_interfaces/srv
-- Up-to-date: /home/fsrobo/master-slave-robohub/install/robo_interfaces/include/robo_interfaces/robo_interfaces/srv/detail
-- Up-to-date: /home/fsrobo/master-slave-robohub/install/robo_interfaces/include/robo_interfaces/robo_interfaces/srv/detail/write_data__type_support.cpp
-- Up-to-date: /home/fsrobo/master-slave-robohub/install/robo_interfaces/include/robo_interfaces/robo_interfaces/srv/detail/read_data__rosidl_typesupport_introspection_cpp.hpp
-- Up-to-date: /home/fsrobo/master-slave-robohub/install/robo_interfaces/include/robo_interfaces/robo_interfaces/srv/detail/write_data__rosidl_typesupport_introspection_cpp.hpp
-- Up-to-date: /home/fsrobo/master-slave-robohub/install/robo_interfaces/include/robo_interfaces/robo_interfaces/srv/detail/read_data__type_support.cpp
-- Up-to-date: /home/fsrobo/master-slave-robohub/install/robo_interfaces/include/robo_interfaces/robo_interfaces/msg
-- Up-to-date: /home/fsrobo/master-slave-robohub/install/robo_interfaces/include/robo_interfaces/robo_interfaces/msg/detail
-- Up-to-date: /home/fsrobo/master-slave-robohub/install/robo_interfaces/include/robo_interfaces/robo_interfaces/msg/detail/set_angle__type_support.cpp
-- Up-to-date: /home/fsrobo/master-slave-robohub/install/robo_interfaces/include/robo_interfaces/robo_interfaces/msg/detail/set_angle__rosidl_typesupport_introspection_cpp.hpp
-- Up-to-date: /home/fsrobo/master-slave-robohub/install/robo_interfaces/lib/librobo_interfaces__rosidl_typesupport_introspection_cpp.so
-- Up-to-date: /home/fsrobo/master-slave-robohub/install/robo_interfaces/lib/librobo_interfaces__rosidl_typesupport_cpp.so
-- Up-to-date: /home/fsrobo/master-slave-robohub/install/robo_interfaces/share/robo_interfaces/environment/pythonpath.sh
-- Up-to-date: /home/fsrobo/master-slave-robohub/install/robo_interfaces/share/robo_interfaces/environment/pythonpath.dsv
-- Up-to-date: /home/fsrobo/master-slave-robohub/install/robo_interfaces/local/lib/python3.10/dist-packages/robo_interfaces-0.0.0-py3.10.egg-info
-- Installing: /home/fsrobo/master-slave-robohub/install/robo_interfaces/local/lib/python3.10/dist-packages/robo_interfaces-0.0.0-py3.10.egg-info/top_level.txt
-- Installing: /home/fsrobo/master-slave-robohub/install/robo_interfaces/local/lib/python3.10/dist-packages/robo_interfaces-0.0.0-py3.10.egg-info/dependency_links.txt
-- Installing: /home/fsrobo/master-slave-robohub/install/robo_interfaces/local/lib/python3.10/dist-packages/robo_interfaces-0.0.0-py3.10.egg-info/SOURCES.txt
-- Installing: /home/fsrobo/master-slave-robohub/install/robo_interfaces/local/lib/python3.10/dist-packages/robo_interfaces-0.0.0-py3.10.egg-info/PKG-INFO
-- Up-to-date: /home/fsrobo/master-slave-robohub/install/robo_interfaces/local/lib/python3.10/dist-packages/robo_interfaces
-- Up-to-date: /home/fsrobo/master-slave-robohub/install/robo_interfaces/local/lib/python3.10/dist-packages/robo_interfaces/librobo_interfaces__rosidl_generator_py.so
-- Up-to-date: /home/fsrobo/master-slave-robohub/install/robo_interfaces/local/lib/python3.10/dist-packages/robo_interfaces/_robo_interfaces_s.ep.rosidl_typesupport_fastrtps_c.c
-- Up-to-date: /home/fsrobo/master-slave-robohub/install/robo_interfaces/local/lib/python3.10/dist-packages/robo_interfaces/srv
-- Up-to-date: /home/fsrobo/master-slave-robohub/install/robo_interfaces/local/lib/python3.10/dist-packages/robo_interfaces/srv/__init__.py
-- Up-to-date: /home/fsrobo/master-slave-robohub/install/robo_interfaces/local/lib/python3.10/dist-packages/robo_interfaces/srv/_write_data_s.c
-- Up-to-date: /home/fsrobo/master-slave-robohub/install/robo_interfaces/local/lib/python3.10/dist-packages/robo_interfaces/srv/_read_data.py
-- Up-to-date: /home/fsrobo/master-slave-robohub/install/robo_interfaces/local/lib/python3.10/dist-packages/robo_interfaces/srv/_read_data_s.c
-- Up-to-date: /home/fsrobo/master-slave-robohub/install/robo_interfaces/local/lib/python3.10/dist-packages/robo_interfaces/srv/_write_data.py
-- Up-to-date: /home/fsrobo/master-slave-robohub/install/robo_interfaces/local/lib/python3.10/dist-packages/robo_interfaces/robo_interfaces_s__rosidl_typesupport_fastrtps_c.cpython-310-x86_64-linux-gnu.so
-- Up-to-date: /home/fsrobo/master-slave-robohub/install/robo_interfaces/local/lib/python3.10/dist-packages/robo_interfaces/__init__.py
-- Up-to-date: /home/fsrobo/master-slave-robohub/install/robo_interfaces/local/lib/python3.10/dist-packages/robo_interfaces/robo_interfaces_s__rosidl_typesupport_c.cpython-310-x86_64-linux-gnu.so
-- Up-to-date: /home/fsrobo/master-slave-robohub/install/robo_interfaces/local/lib/python3.10/dist-packages/robo_interfaces/_robo_interfaces_s.ep.rosidl_typesupport_introspection_c.c
-- Up-to-date: /home/fsrobo/master-slave-robohub/install/robo_interfaces/local/lib/python3.10/dist-packages/robo_interfaces/robo_interfaces_s__rosidl_typesupport_introspection_c.cpython-310-x86_64-linux-gnu.so
-- Up-to-date: /home/fsrobo/master-slave-robohub/install/robo_interfaces/local/lib/python3.10/dist-packages/robo_interfaces/_robo_interfaces_s.ep.rosidl_typesupport_c.c
-- Up-to-date: /home/fsrobo/master-slave-robohub/install/robo_interfaces/local/lib/python3.10/dist-packages/robo_interfaces/msg
-- Up-to-date: /home/fsrobo/master-slave-robohub/install/robo_interfaces/local/lib/python3.10/dist-packages/robo_interfaces/msg/_set_angle_s.c
-- Up-to-date: /home/fsrobo/master-slave-robohub/install/robo_interfaces/local/lib/python3.10/dist-packages/robo_interfaces/msg/__init__.py
-- Up-to-date: /home/fsrobo/master-slave-robohub/install/robo_interfaces/local/lib/python3.10/dist-packages/robo_interfaces/msg/_set_angle.py
Listing '/home/fsrobo/master-slave-robohub/install/robo_interfaces/local/lib/python3.10/dist-packages/robo_interfaces'...
Listing '/home/fsrobo/master-slave-robohub/install/robo_interfaces/local/lib/python3.10/dist-packages/robo_interfaces/msg'...
Listing '/home/fsrobo/master-slave-robohub/install/robo_interfaces/local/lib/python3.10/dist-packages/robo_interfaces/srv'...
-- Up-to-date: /home/fsrobo/master-slave-robohub/install/robo_interfaces/local/lib/python3.10/dist-packages/robo_interfaces/robo_interfaces_s__rosidl_typesupport_fastrtps_c.cpython-310-x86_64-linux-gnu.so
-- Up-to-date: /home/fsrobo/master-slave-robohub/install/robo_interfaces/local/lib/python3.10/dist-packages/robo_interfaces/robo_interfaces_s__rosidl_typesupport_introspection_c.cpython-310-x86_64-linux-gnu.so
-- Up-to-date: /home/fsrobo/master-slave-robohub/install/robo_interfaces/local/lib/python3.10/dist-packages/robo_interfaces/robo_interfaces_s__rosidl_typesupport_c.cpython-310-x86_64-linux-gnu.so
-- Up-to-date: /home/fsrobo/master-slave-robohub/install/robo_interfaces/lib/librobo_interfaces__rosidl_generator_py.so
-- Up-to-date: /home/fsrobo/master-slave-robohub/install/robo_interfaces/share/robo_interfaces/srv/ReadData.idl
-- Up-to-date: /home/fsrobo/master-slave-robohub/install/robo_interfaces/share/robo_interfaces/srv/WriteData.idl
-- Up-to-date: /home/fsrobo/master-slave-robohub/install/robo_interfaces/share/robo_interfaces/msg/SetAngle.idl
-- Up-to-date: /home/fsrobo/master-slave-robohub/install/robo_interfaces/share/robo_interfaces/srv/ReadData.srv
-- Up-to-date: /home/fsrobo/master-slave-robohub/install/robo_interfaces/share/robo_interfaces/srv/ReadData_Request.msg
-- Up-to-date: /home/fsrobo/master-slave-robohub/install/robo_interfaces/share/robo_interfaces/srv/ReadData_Response.msg
-- Up-to-date: /home/fsrobo/master-slave-robohub/install/robo_interfaces/share/robo_interfaces/srv/WriteData.srv
-- Up-to-date: /home/fsrobo/master-slave-robohub/install/robo_interfaces/share/robo_interfaces/srv/WriteData_Request.msg
-- Up-to-date: /home/fsrobo/master-slave-robohub/install/robo_interfaces/share/robo_interfaces/srv/WriteData_Response.msg
-- Up-to-date: /home/fsrobo/master-slave-robohub/install/robo_interfaces/share/robo_interfaces/msg/SetAngle.msg
-- Up-to-date: /home/fsrobo/master-slave-robohub/install/robo_interfaces/share/ament_index/resource_index/package_run_dependencies/robo_interfaces
-- Up-to-date: /home/fsrobo/master-slave-robohub/install/robo_interfaces/share/ament_index/resource_index/parent_prefix_path/robo_interfaces
-- Up-to-date: /home/fsrobo/master-slave-robohub/install/robo_interfaces/share/robo_interfaces/environment/ament_prefix_path.sh
-- Up-to-date: /home/fsrobo/master-slave-robohub/install/robo_interfaces/share/robo_interfaces/environment/ament_prefix_path.dsv
-- Up-to-date: /home/fsrobo/master-slave-robohub/install/robo_interfaces/share/robo_interfaces/environment/path.sh
-- Up-to-date: /home/fsrobo/master-slave-robohub/install/robo_interfaces/share/robo_interfaces/environment/path.dsv
-- Up-to-date: /home/fsrobo/master-slave-robohub/install/robo_interfaces/share/robo_interfaces/local_setup.bash
-- Up-to-date: /home/fsrobo/master-slave-robohub/install/robo_interfaces/share/robo_interfaces/local_setup.sh
-- Up-to-date: /home/fsrobo/master-slave-robohub/install/robo_interfaces/share/robo_interfaces/local_setup.zsh
-- Up-to-date: /home/fsrobo/master-slave-robohub/install/robo_interfaces/share/robo_interfaces/local_setup.dsv
-- Installing: /home/fsrobo/master-slave-robohub/install/robo_interfaces/share/robo_interfaces/package.dsv
-- Up-to-date: /home/fsrobo/master-slave-robohub/install/robo_interfaces/share/ament_index/resource_index/packages/robo_interfaces
-- Up-to-date: /home/fsrobo/master-slave-robohub/install/robo_interfaces/share/robo_interfaces/cmake/export_robo_interfaces__rosidl_generator_cExport.cmake
-- Up-to-date: /home/fsrobo/master-slave-robohub/install/robo_interfaces/share/robo_interfaces/cmake/export_robo_interfaces__rosidl_generator_cExport-noconfig.cmake
-- Up-to-date: /home/fsrobo/master-slave-robohub/install/robo_interfaces/share/robo_interfaces/cmake/export_robo_interfaces__rosidl_typesupport_fastrtps_cExport.cmake
-- Up-to-date: /home/fsrobo/master-slave-robohub/install/robo_interfaces/share/robo_interfaces/cmake/export_robo_interfaces__rosidl_typesupport_fastrtps_cExport-noconfig.cmake
-- Up-to-date: /home/fsrobo/master-slave-robohub/install/robo_interfaces/share/robo_interfaces/cmake/robo_interfaces__rosidl_typesupport_introspection_cExport.cmake
-- Up-to-date: /home/fsrobo/master-slave-robohub/install/robo_interfaces/share/robo_interfaces/cmake/robo_interfaces__rosidl_typesupport_introspection_cExport-noconfig.cmake
-- Up-to-date: /home/fsrobo/master-slave-robohub/install/robo_interfaces/share/robo_interfaces/cmake/robo_interfaces__rosidl_typesupport_cExport.cmake
-- Up-to-date: /home/fsrobo/master-slave-robohub/install/robo_interfaces/share/robo_interfaces/cmake/robo_interfaces__rosidl_typesupport_cExport-noconfig.cmake
-- Up-to-date: /home/fsrobo/master-slave-robohub/install/robo_interfaces/share/robo_interfaces/cmake/export_robo_interfaces__rosidl_generator_cppExport.cmake
-- Up-to-date: /home/fsrobo/master-slave-robohub/install/robo_interfaces/share/robo_interfaces/cmake/export_robo_interfaces__rosidl_typesupport_fastrtps_cppExport.cmake
-- Up-to-date: /home/fsrobo/master-slave-robohub/install/robo_interfaces/share/robo_interfaces/cmake/export_robo_interfaces__rosidl_typesupport_fastrtps_cppExport-noconfig.cmake
-- Up-to-date: /home/fsrobo/master-slave-robohub/install/robo_interfaces/share/robo_interfaces/cmake/robo_interfaces__rosidl_typesupport_introspection_cppExport.cmake
-- Up-to-date: /home/fsrobo/master-slave-robohub/install/robo_interfaces/share/robo_interfaces/cmake/robo_interfaces__rosidl_typesupport_introspection_cppExport-noconfig.cmake
-- Up-to-date: /home/fsrobo/master-slave-robohub/install/robo_interfaces/share/robo_interfaces/cmake/robo_interfaces__rosidl_typesupport_cppExport.cmake
-- Up-to-date: /home/fsrobo/master-slave-robohub/install/robo_interfaces/share/robo_interfaces/cmake/robo_interfaces__rosidl_typesupport_cppExport-noconfig.cmake
-- Up-to-date: /home/fsrobo/master-slave-robohub/install/robo_interfaces/share/robo_interfaces/cmake/export_robo_interfaces__rosidl_generator_pyExport.cmake
-- Up-to-date: /home/fsrobo/master-slave-robohub/install/robo_interfaces/share/robo_interfaces/cmake/export_robo_interfaces__rosidl_generator_pyExport-noconfig.cmake
-- Up-to-date: /home/fsrobo/master-slave-robohub/install/robo_interfaces/share/robo_interfaces/cmake/rosidl_cmake-extras.cmake
-- Up-to-date: /home/fsrobo/master-slave-robohub/install/robo_interfaces/share/robo_interfaces/cmake/ament_cmake_export_include_directories-extras.cmake
-- Up-to-date: /home/fsrobo/master-slave-robohub/install/robo_interfaces/share/robo_interfaces/cmake/ament_cmake_export_libraries-extras.cmake
-- Up-to-date: /home/fsrobo/master-slave-robohub/install/robo_interfaces/share/robo_interfaces/cmake/ament_cmake_export_targets-extras.cmake
-- Up-to-date: /home/fsrobo/master-slave-robohub/install/robo_interfaces/share/robo_interfaces/cmake/rosidl_cmake_export_typesupport_targets-extras.cmake
-- Up-to-date: /home/fsrobo/master-slave-robohub/install/robo_interfaces/share/robo_interfaces/cmake/ament_cmake_export_dependencies-extras.cmake
-- Up-to-date: /home/fsrobo/master-slave-robohub/install/robo_interfaces/share/robo_interfaces/cmake/rosidl_cmake_export_typesupport_libraries-extras.cmake
-- Up-to-date: /home/fsrobo/master-slave-robohub/install/robo_interfaces/share/robo_interfaces/cmake/robo_interfacesConfig.cmake
-- Up-to-date: /home/fsrobo/master-slave-robohub/install/robo_interfaces/share/robo_interfaces/cmake/robo_interfacesConfig-version.cmake
-- Up-to-date: /home/fsrobo/master-slave-robohub/install/robo_interfaces/share/robo_interfaces/package.xml
