[0.011s] Invoking command in '/home/fsrobo/master-slave-robohub/build/robo_interfaces': CMAKE_PREFIX_PATH=${CMAKE_PREFIX_PATH}:/home/fsrobo/master-slave-robohub/install/robo_leader:/home/fsrobo/master-slave-robohub/install/robo_follower:/home/fsrobo/starai-arm-moveit2/install/viola_description:/home/fsrobo/starai-arm-moveit2/install/viola_controller:/home/fsrobo/starai-arm-moveit2/install/robo_driver:/home/fsrobo/starai-arm-moveit2/install/cello_description:/home/fsrobo/starai-arm-moveit2/install/cello_controller:/opt/ros/humble /usr/bin/cmake --build /home/fsrobo/master-slave-robohub/build/robo_interfaces -- -j16 -l16
[0.046s] [35m[1mConsolidate compiler generated dependencies of target robo_interfaces__rosidl_generator_c[0m
[0.057s] [  2%] Built target robo_interfaces__cpp
[0.057s] [ 12%] Built target robo_interfaces__rosidl_generator_c
[0.064s] [ 12%] Built target ament_cmake_python_copy_robo_interfaces
[0.067s] [35m[1mConsolidate compiler generated dependencies of target robo_interfaces__rosidl_typesupport_cpp[0m
[0.067s] [35m[1mConsolidate compiler generated dependencies of target robo_interfaces__rosidl_typesupport_introspection_c[0m
[0.067s] [35m[1mConsolidate compiler generated dependencies of target robo_interfaces__rosidl_typesupport_introspection_cpp[0m
[0.070s] [35m[1mConsolidate compiler generated dependencies of target robo_interfaces__rosidl_typesupport_c[0m
[0.070s] [35m[1mConsolidate compiler generated dependencies of target robo_interfaces__rosidl_typesupport_fastrtps_cpp[0m
[0.070s] [35m[1mConsolidate compiler generated dependencies of target robo_interfaces__rosidl_typesupport_fastrtps_c[0m
[0.077s] [ 23%] Built target robo_interfaces__rosidl_typesupport_introspection_c
[0.077s] [ 34%] Built target robo_interfaces__rosidl_typesupport_cpp
[0.080s] [ 44%] Built target robo_interfaces__rosidl_typesupport_introspection_cpp
[0.081s] [ 55%] Built target robo_interfaces__rosidl_typesupport_c
[0.085s] [ 76%] Built target robo_interfaces__rosidl_typesupport_fastrtps_c
[0.085s] [ 76%] Built target robo_interfaces__rosidl_typesupport_fastrtps_cpp
[0.106s] [ 76%] Built target robo_interfaces
[0.129s] [ 78%] Built target robo_interfaces__py
[0.140s] [35m[1mConsolidate compiler generated dependencies of target robo_interfaces__rosidl_generator_py[0m
[0.154s] [ 87%] Built target robo_interfaces__rosidl_generator_py
[0.163s] [35m[1mConsolidate compiler generated dependencies of target robo_interfaces__rosidl_typesupport_fastrtps_c__pyext[0m
[0.165s] [35m[1mConsolidate compiler generated dependencies of target robo_interfaces__rosidl_typesupport_introspection_c__pyext[0m
[0.165s] [35m[1mConsolidate compiler generated dependencies of target robo_interfaces__rosidl_typesupport_c__pyext[0m
[0.176s] [ 93%] Built target robo_interfaces__rosidl_typesupport_fastrtps_c__pyext
[0.176s] [ 95%] Built target robo_interfaces__rosidl_typesupport_introspection_c__pyext
[0.179s] [100%] Built target robo_interfaces__rosidl_typesupport_c__pyext
[0.255s] running egg_info
[0.256s] writing robo_interfaces.egg-info/PKG-INFO
[0.256s] writing dependency_links to robo_interfaces.egg-info/dependency_links.txt
[0.256s] writing top-level names to robo_interfaces.egg-info/top_level.txt
[0.258s] reading manifest file 'robo_interfaces.egg-info/SOURCES.txt'
[0.258s] writing manifest file 'robo_interfaces.egg-info/SOURCES.txt'
[0.280s] [100%] Built target ament_cmake_python_build_robo_interfaces_egg
[0.291s] Invoked command in '/home/fsrobo/master-slave-robohub/build/robo_interfaces' returned '0': CMAKE_PREFIX_PATH=${CMAKE_PREFIX_PATH}:/home/fsrobo/master-slave-robohub/install/robo_leader:/home/fsrobo/master-slave-robohub/install/robo_follower:/home/fsrobo/starai-arm-moveit2/install/viola_description:/home/fsrobo/starai-arm-moveit2/install/viola_controller:/home/fsrobo/starai-arm-moveit2/install/robo_driver:/home/fsrobo/starai-arm-moveit2/install/cello_description:/home/fsrobo/starai-arm-moveit2/install/cello_controller:/opt/ros/humble /usr/bin/cmake --build /home/fsrobo/master-slave-robohub/build/robo_interfaces -- -j16 -l16
[0.301s] Invoking command in '/home/fsrobo/master-slave-robohub/build/robo_interfaces': CMAKE_PREFIX_PATH=${CMAKE_PREFIX_PATH}:/home/fsrobo/master-slave-robohub/install/robo_leader:/home/fsrobo/master-slave-robohub/install/robo_follower:/home/fsrobo/starai-arm-moveit2/install/viola_description:/home/fsrobo/starai-arm-moveit2/install/viola_controller:/home/fsrobo/starai-arm-moveit2/install/robo_driver:/home/fsrobo/starai-arm-moveit2/install/cello_description:/home/fsrobo/starai-arm-moveit2/install/cello_controller:/opt/ros/humble /usr/bin/cmake --install /home/fsrobo/master-slave-robohub/build/robo_interfaces
[0.309s] -- Install configuration: ""
[0.309s] -- Up-to-date: /home/fsrobo/master-slave-robohub/install/robo_interfaces/share/ament_index/resource_index/rosidl_interfaces/robo_interfaces
[0.309s] -- Up-to-date: /home/fsrobo/master-slave-robohub/install/robo_interfaces/include/robo_interfaces/robo_interfaces
[0.309s] -- Up-to-date: /home/fsrobo/master-slave-robohub/install/robo_interfaces/include/robo_interfaces/robo_interfaces/srv
[0.309s] -- Up-to-date: /home/fsrobo/master-slave-robohub/install/robo_interfaces/include/robo_interfaces/robo_interfaces/srv/read_data.h
[0.309s] -- Up-to-date: /home/fsrobo/master-slave-robohub/install/robo_interfaces/include/robo_interfaces/robo_interfaces/srv/write_data.h
[0.309s] -- Up-to-date: /home/fsrobo/master-slave-robohub/install/robo_interfaces/include/robo_interfaces/robo_interfaces/srv/detail
[0.310s] -- Up-to-date: /home/fsrobo/master-slave-robohub/install/robo_interfaces/include/robo_interfaces/robo_interfaces/srv/detail/write_data__struct.h
[0.310s] -- Up-to-date: /home/fsrobo/master-slave-robohub/install/robo_interfaces/include/robo_interfaces/robo_interfaces/srv/detail/read_data__functions.h
[0.310s] -- Up-to-date: /home/fsrobo/master-slave-robohub/install/robo_interfaces/include/robo_interfaces/robo_interfaces/srv/detail/write_data__functions.c
[0.310s] -- Up-to-date: /home/fsrobo/master-slave-robohub/install/robo_interfaces/include/robo_interfaces/robo_interfaces/srv/detail/write_data__functions.h
[0.310s] -- Up-to-date: /home/fsrobo/master-slave-robohub/install/robo_interfaces/include/robo_interfaces/robo_interfaces/srv/detail/read_data__struct.h
[0.310s] -- Up-to-date: /home/fsrobo/master-slave-robohub/install/robo_interfaces/include/robo_interfaces/robo_interfaces/srv/detail/write_data__type_support.h
[0.310s] -- Up-to-date: /home/fsrobo/master-slave-robohub/install/robo_interfaces/include/robo_interfaces/robo_interfaces/srv/detail/read_data__functions.c
[0.310s] -- Up-to-date: /home/fsrobo/master-slave-robohub/install/robo_interfaces/include/robo_interfaces/robo_interfaces/srv/detail/read_data__type_support.h
[0.310s] -- Up-to-date: /home/fsrobo/master-slave-robohub/install/robo_interfaces/include/robo_interfaces/robo_interfaces/msg
[0.310s] -- Up-to-date: /home/fsrobo/master-slave-robohub/install/robo_interfaces/include/robo_interfaces/robo_interfaces/msg/rosidl_generator_c__visibility_control.h
[0.311s] -- Up-to-date: /home/fsrobo/master-slave-robohub/install/robo_interfaces/include/robo_interfaces/robo_interfaces/msg/set_angle.h
[0.311s] -- Up-to-date: /home/fsrobo/master-slave-robohub/install/robo_interfaces/include/robo_interfaces/robo_interfaces/msg/detail
[0.311s] -- Up-to-date: /home/fsrobo/master-slave-robohub/install/robo_interfaces/include/robo_interfaces/robo_interfaces/msg/detail/set_angle__functions.c
[0.311s] -- Up-to-date: /home/fsrobo/master-slave-robohub/install/robo_interfaces/include/robo_interfaces/robo_interfaces/msg/detail/set_angle__type_support.h
[0.311s] -- Up-to-date: /home/fsrobo/master-slave-robohub/install/robo_interfaces/include/robo_interfaces/robo_interfaces/msg/detail/set_angle__functions.h
[0.311s] -- Up-to-date: /home/fsrobo/master-slave-robohub/install/robo_interfaces/include/robo_interfaces/robo_interfaces/msg/detail/set_angle__struct.h
[0.311s] -- Up-to-date: /home/fsrobo/master-slave-robohub/install/robo_interfaces/share/robo_interfaces/environment/library_path.sh
[0.311s] -- Up-to-date: /home/fsrobo/master-slave-robohub/install/robo_interfaces/share/robo_interfaces/environment/library_path.dsv
[0.311s] -- Up-to-date: /home/fsrobo/master-slave-robohub/install/robo_interfaces/lib/librobo_interfaces__rosidl_generator_c.so
[0.311s] -- Up-to-date: /home/fsrobo/master-slave-robohub/install/robo_interfaces/include/robo_interfaces/robo_interfaces
[0.311s] -- Up-to-date: /home/fsrobo/master-slave-robohub/install/robo_interfaces/include/robo_interfaces/robo_interfaces/srv
[0.312s] -- Up-to-date: /home/fsrobo/master-slave-robohub/install/robo_interfaces/include/robo_interfaces/robo_interfaces/srv/detail
[0.312s] -- Up-to-date: /home/fsrobo/master-slave-robohub/install/robo_interfaces/include/robo_interfaces/robo_interfaces/srv/detail/read_data__rosidl_typesupport_fastrtps_c.h
[0.312s] -- Up-to-date: /home/fsrobo/master-slave-robohub/install/robo_interfaces/include/robo_interfaces/robo_interfaces/srv/detail/write_data__rosidl_typesupport_fastrtps_c.h
[0.312s] -- Up-to-date: /home/fsrobo/master-slave-robohub/install/robo_interfaces/include/robo_interfaces/robo_interfaces/msg
[0.312s] -- Up-to-date: /home/fsrobo/master-slave-robohub/install/robo_interfaces/include/robo_interfaces/robo_interfaces/msg/rosidl_typesupport_fastrtps_c__visibility_control.h
[0.312s] -- Up-to-date: /home/fsrobo/master-slave-robohub/install/robo_interfaces/include/robo_interfaces/robo_interfaces/msg/detail
[0.312s] -- Up-to-date: /home/fsrobo/master-slave-robohub/install/robo_interfaces/include/robo_interfaces/robo_interfaces/msg/detail/set_angle__rosidl_typesupport_fastrtps_c.h
[0.312s] -- Up-to-date: /home/fsrobo/master-slave-robohub/install/robo_interfaces/lib/librobo_interfaces__rosidl_typesupport_fastrtps_c.so
[0.312s] -- Up-to-date: /home/fsrobo/master-slave-robohub/install/robo_interfaces/include/robo_interfaces/robo_interfaces
[0.312s] -- Up-to-date: /home/fsrobo/master-slave-robohub/install/robo_interfaces/include/robo_interfaces/robo_interfaces/srv
[0.312s] -- Up-to-date: /home/fsrobo/master-slave-robohub/install/robo_interfaces/include/robo_interfaces/robo_interfaces/srv/detail
[0.312s] -- Up-to-date: /home/fsrobo/master-slave-robohub/install/robo_interfaces/include/robo_interfaces/robo_interfaces/srv/detail/write_data__rosidl_typesupport_introspection_c.h
[0.313s] -- Up-to-date: /home/fsrobo/master-slave-robohub/install/robo_interfaces/include/robo_interfaces/robo_interfaces/srv/detail/write_data__type_support.c
[0.313s] -- Up-to-date: /home/fsrobo/master-slave-robohub/install/robo_interfaces/include/robo_interfaces/robo_interfaces/srv/detail/read_data__type_support.c
[0.313s] -- Up-to-date: /home/fsrobo/master-slave-robohub/install/robo_interfaces/include/robo_interfaces/robo_interfaces/srv/detail/read_data__rosidl_typesupport_introspection_c.h
[0.313s] -- Up-to-date: /home/fsrobo/master-slave-robohub/install/robo_interfaces/include/robo_interfaces/robo_interfaces/msg
[0.313s] -- Up-to-date: /home/fsrobo/master-slave-robohub/install/robo_interfaces/include/robo_interfaces/robo_interfaces/msg/rosidl_typesupport_introspection_c__visibility_control.h
[0.313s] -- Up-to-date: /home/fsrobo/master-slave-robohub/install/robo_interfaces/include/robo_interfaces/robo_interfaces/msg/detail
[0.313s] -- Up-to-date: /home/fsrobo/master-slave-robohub/install/robo_interfaces/include/robo_interfaces/robo_interfaces/msg/detail/set_angle__type_support.c
[0.313s] -- Up-to-date: /home/fsrobo/master-slave-robohub/install/robo_interfaces/include/robo_interfaces/robo_interfaces/msg/detail/set_angle__rosidl_typesupport_introspection_c.h
[0.313s] -- Up-to-date: /home/fsrobo/master-slave-robohub/install/robo_interfaces/lib/librobo_interfaces__rosidl_typesupport_introspection_c.so
[0.313s] -- Up-to-date: /home/fsrobo/master-slave-robohub/install/robo_interfaces/lib/librobo_interfaces__rosidl_typesupport_c.so
[0.313s] -- Up-to-date: /home/fsrobo/master-slave-robohub/install/robo_interfaces/include/robo_interfaces/robo_interfaces
[0.313s] -- Up-to-date: /home/fsrobo/master-slave-robohub/install/robo_interfaces/include/robo_interfaces/robo_interfaces/srv
[0.313s] -- Up-to-date: /home/fsrobo/master-slave-robohub/install/robo_interfaces/include/robo_interfaces/robo_interfaces/srv/write_data.hpp
[0.314s] -- Up-to-date: /home/fsrobo/master-slave-robohub/install/robo_interfaces/include/robo_interfaces/robo_interfaces/srv/read_data.hpp
[0.314s] -- Up-to-date: /home/fsrobo/master-slave-robohub/install/robo_interfaces/include/robo_interfaces/robo_interfaces/srv/detail
[0.314s] -- Up-to-date: /home/fsrobo/master-slave-robohub/install/robo_interfaces/include/robo_interfaces/robo_interfaces/srv/detail/read_data__struct.hpp
[0.314s] -- Up-to-date: /home/fsrobo/master-slave-robohub/install/robo_interfaces/include/robo_interfaces/robo_interfaces/srv/detail/read_data__builder.hpp
[0.314s] -- Up-to-date: /home/fsrobo/master-slave-robohub/install/robo_interfaces/include/robo_interfaces/robo_interfaces/srv/detail/write_data__traits.hpp
[0.314s] -- Up-to-date: /home/fsrobo/master-slave-robohub/install/robo_interfaces/include/robo_interfaces/robo_interfaces/srv/detail/write_data__type_support.hpp
[0.314s] -- Up-to-date: /home/fsrobo/master-slave-robohub/install/robo_interfaces/include/robo_interfaces/robo_interfaces/srv/detail/read_data__type_support.hpp
[0.314s] -- Up-to-date: /home/fsrobo/master-slave-robohub/install/robo_interfaces/include/robo_interfaces/robo_interfaces/srv/detail/write_data__builder.hpp
[0.314s] -- Up-to-date: /home/fsrobo/master-slave-robohub/install/robo_interfaces/include/robo_interfaces/robo_interfaces/srv/detail/write_data__struct.hpp
[0.314s] -- Up-to-date: /home/fsrobo/master-slave-robohub/install/robo_interfaces/include/robo_interfaces/robo_interfaces/srv/detail/read_data__traits.hpp
[0.314s] -- Up-to-date: /home/fsrobo/master-slave-robohub/install/robo_interfaces/include/robo_interfaces/robo_interfaces/msg
[0.314s] -- Up-to-date: /home/fsrobo/master-slave-robohub/install/robo_interfaces/include/robo_interfaces/robo_interfaces/msg/set_angle.hpp
[0.314s] -- Up-to-date: /home/fsrobo/master-slave-robohub/install/robo_interfaces/include/robo_interfaces/robo_interfaces/msg/detail
[0.315s] -- Up-to-date: /home/fsrobo/master-slave-robohub/install/robo_interfaces/include/robo_interfaces/robo_interfaces/msg/detail/set_angle__type_support.hpp
[0.315s] -- Up-to-date: /home/fsrobo/master-slave-robohub/install/robo_interfaces/include/robo_interfaces/robo_interfaces/msg/detail/set_angle__struct.hpp
[0.315s] -- Up-to-date: /home/fsrobo/master-slave-robohub/install/robo_interfaces/include/robo_interfaces/robo_interfaces/msg/detail/set_angle__builder.hpp
[0.315s] -- Up-to-date: /home/fsrobo/master-slave-robohub/install/robo_interfaces/include/robo_interfaces/robo_interfaces/msg/detail/set_angle__traits.hpp
[0.315s] -- Up-to-date: /home/fsrobo/master-slave-robohub/install/robo_interfaces/include/robo_interfaces/robo_interfaces/msg/rosidl_generator_cpp__visibility_control.hpp
[0.315s] -- Up-to-date: /home/fsrobo/master-slave-robohub/install/robo_interfaces/include/robo_interfaces/robo_interfaces
[0.315s] -- Up-to-date: /home/fsrobo/master-slave-robohub/install/robo_interfaces/include/robo_interfaces/robo_interfaces/srv
[0.315s] -- Up-to-date: /home/fsrobo/master-slave-robohub/install/robo_interfaces/include/robo_interfaces/robo_interfaces/srv/detail
[0.315s] -- Up-to-date: /home/fsrobo/master-slave-robohub/install/robo_interfaces/include/robo_interfaces/robo_interfaces/srv/detail/dds_fastrtps
[0.315s] -- Up-to-date: /home/fsrobo/master-slave-robohub/install/robo_interfaces/include/robo_interfaces/robo_interfaces/srv/detail/read_data__rosidl_typesupport_fastrtps_cpp.hpp
[0.315s] -- Up-to-date: /home/fsrobo/master-slave-robohub/install/robo_interfaces/include/robo_interfaces/robo_interfaces/srv/detail/write_data__rosidl_typesupport_fastrtps_cpp.hpp
[0.315s] -- Up-to-date: /home/fsrobo/master-slave-robohub/install/robo_interfaces/include/robo_interfaces/robo_interfaces/msg
[0.315s] -- Up-to-date: /home/fsrobo/master-slave-robohub/install/robo_interfaces/include/robo_interfaces/robo_interfaces/msg/rosidl_typesupport_fastrtps_cpp__visibility_control.h
[0.316s] -- Up-to-date: /home/fsrobo/master-slave-robohub/install/robo_interfaces/include/robo_interfaces/robo_interfaces/msg/detail
[0.316s] -- Up-to-date: /home/fsrobo/master-slave-robohub/install/robo_interfaces/include/robo_interfaces/robo_interfaces/msg/detail/dds_fastrtps
[0.316s] -- Up-to-date: /home/fsrobo/master-slave-robohub/install/robo_interfaces/include/robo_interfaces/robo_interfaces/msg/detail/set_angle__rosidl_typesupport_fastrtps_cpp.hpp
[0.316s] -- Up-to-date: /home/fsrobo/master-slave-robohub/install/robo_interfaces/lib/librobo_interfaces__rosidl_typesupport_fastrtps_cpp.so
[0.316s] -- Up-to-date: /home/fsrobo/master-slave-robohub/install/robo_interfaces/include/robo_interfaces/robo_interfaces
[0.316s] -- Up-to-date: /home/fsrobo/master-slave-robohub/install/robo_interfaces/include/robo_interfaces/robo_interfaces/srv
[0.316s] -- Up-to-date: /home/fsrobo/master-slave-robohub/install/robo_interfaces/include/robo_interfaces/robo_interfaces/srv/detail
[0.316s] -- Up-to-date: /home/fsrobo/master-slave-robohub/install/robo_interfaces/include/robo_interfaces/robo_interfaces/srv/detail/write_data__type_support.cpp
[0.316s] -- Up-to-date: /home/fsrobo/master-slave-robohub/install/robo_interfaces/include/robo_interfaces/robo_interfaces/srv/detail/read_data__rosidl_typesupport_introspection_cpp.hpp
[0.316s] -- Up-to-date: /home/fsrobo/master-slave-robohub/install/robo_interfaces/include/robo_interfaces/robo_interfaces/srv/detail/write_data__rosidl_typesupport_introspection_cpp.hpp
[0.316s] -- Up-to-date: /home/fsrobo/master-slave-robohub/install/robo_interfaces/include/robo_interfaces/robo_interfaces/srv/detail/read_data__type_support.cpp
[0.316s] -- Up-to-date: /home/fsrobo/master-slave-robohub/install/robo_interfaces/include/robo_interfaces/robo_interfaces/msg
[0.316s] -- Up-to-date: /home/fsrobo/master-slave-robohub/install/robo_interfaces/include/robo_interfaces/robo_interfaces/msg/detail
[0.317s] -- Up-to-date: /home/fsrobo/master-slave-robohub/install/robo_interfaces/include/robo_interfaces/robo_interfaces/msg/detail/set_angle__type_support.cpp
[0.317s] -- Up-to-date: /home/fsrobo/master-slave-robohub/install/robo_interfaces/include/robo_interfaces/robo_interfaces/msg/detail/set_angle__rosidl_typesupport_introspection_cpp.hpp
[0.317s] -- Up-to-date: /home/fsrobo/master-slave-robohub/install/robo_interfaces/lib/librobo_interfaces__rosidl_typesupport_introspection_cpp.so
[0.317s] -- Up-to-date: /home/fsrobo/master-slave-robohub/install/robo_interfaces/lib/librobo_interfaces__rosidl_typesupport_cpp.so
[0.317s] -- Up-to-date: /home/fsrobo/master-slave-robohub/install/robo_interfaces/share/robo_interfaces/environment/pythonpath.sh
[0.317s] -- Up-to-date: /home/fsrobo/master-slave-robohub/install/robo_interfaces/share/robo_interfaces/environment/pythonpath.dsv
[0.317s] -- Up-to-date: /home/fsrobo/master-slave-robohub/install/robo_interfaces/local/lib/python3.10/dist-packages/robo_interfaces-0.0.0-py3.10.egg-info
[0.317s] -- Installing: /home/fsrobo/master-slave-robohub/install/robo_interfaces/local/lib/python3.10/dist-packages/robo_interfaces-0.0.0-py3.10.egg-info/top_level.txt
[0.317s] -- Installing: /home/fsrobo/master-slave-robohub/install/robo_interfaces/local/lib/python3.10/dist-packages/robo_interfaces-0.0.0-py3.10.egg-info/dependency_links.txt
[0.317s] -- Installing: /home/fsrobo/master-slave-robohub/install/robo_interfaces/local/lib/python3.10/dist-packages/robo_interfaces-0.0.0-py3.10.egg-info/SOURCES.txt
[0.317s] -- Installing: /home/fsrobo/master-slave-robohub/install/robo_interfaces/local/lib/python3.10/dist-packages/robo_interfaces-0.0.0-py3.10.egg-info/PKG-INFO
[0.317s] -- Up-to-date: /home/fsrobo/master-slave-robohub/install/robo_interfaces/local/lib/python3.10/dist-packages/robo_interfaces
[0.317s] -- Up-to-date: /home/fsrobo/master-slave-robohub/install/robo_interfaces/local/lib/python3.10/dist-packages/robo_interfaces/librobo_interfaces__rosidl_generator_py.so
[0.317s] -- Up-to-date: /home/fsrobo/master-slave-robohub/install/robo_interfaces/local/lib/python3.10/dist-packages/robo_interfaces/_robo_interfaces_s.ep.rosidl_typesupport_fastrtps_c.c
[0.318s] -- Up-to-date: /home/fsrobo/master-slave-robohub/install/robo_interfaces/local/lib/python3.10/dist-packages/robo_interfaces/srv
[0.318s] -- Up-to-date: /home/fsrobo/master-slave-robohub/install/robo_interfaces/local/lib/python3.10/dist-packages/robo_interfaces/srv/__init__.py
[0.318s] -- Up-to-date: /home/fsrobo/master-slave-robohub/install/robo_interfaces/local/lib/python3.10/dist-packages/robo_interfaces/srv/_write_data_s.c
[0.318s] -- Up-to-date: /home/fsrobo/master-slave-robohub/install/robo_interfaces/local/lib/python3.10/dist-packages/robo_interfaces/srv/_read_data.py
[0.318s] -- Up-to-date: /home/fsrobo/master-slave-robohub/install/robo_interfaces/local/lib/python3.10/dist-packages/robo_interfaces/srv/_read_data_s.c
[0.318s] -- Up-to-date: /home/fsrobo/master-slave-robohub/install/robo_interfaces/local/lib/python3.10/dist-packages/robo_interfaces/srv/_write_data.py
[0.318s] -- Up-to-date: /home/fsrobo/master-slave-robohub/install/robo_interfaces/local/lib/python3.10/dist-packages/robo_interfaces/robo_interfaces_s__rosidl_typesupport_fastrtps_c.cpython-310-x86_64-linux-gnu.so
[0.318s] -- Up-to-date: /home/fsrobo/master-slave-robohub/install/robo_interfaces/local/lib/python3.10/dist-packages/robo_interfaces/__init__.py
[0.318s] -- Up-to-date: /home/fsrobo/master-slave-robohub/install/robo_interfaces/local/lib/python3.10/dist-packages/robo_interfaces/robo_interfaces_s__rosidl_typesupport_c.cpython-310-x86_64-linux-gnu.so
[0.318s] -- Up-to-date: /home/fsrobo/master-slave-robohub/install/robo_interfaces/local/lib/python3.10/dist-packages/robo_interfaces/_robo_interfaces_s.ep.rosidl_typesupport_introspection_c.c
[0.318s] -- Up-to-date: /home/fsrobo/master-slave-robohub/install/robo_interfaces/local/lib/python3.10/dist-packages/robo_interfaces/robo_interfaces_s__rosidl_typesupport_introspection_c.cpython-310-x86_64-linux-gnu.so
[0.318s] -- Up-to-date: /home/fsrobo/master-slave-robohub/install/robo_interfaces/local/lib/python3.10/dist-packages/robo_interfaces/_robo_interfaces_s.ep.rosidl_typesupport_c.c
[0.318s] -- Up-to-date: /home/fsrobo/master-slave-robohub/install/robo_interfaces/local/lib/python3.10/dist-packages/robo_interfaces/msg
[0.319s] -- Up-to-date: /home/fsrobo/master-slave-robohub/install/robo_interfaces/local/lib/python3.10/dist-packages/robo_interfaces/msg/_set_angle_s.c
[0.319s] -- Up-to-date: /home/fsrobo/master-slave-robohub/install/robo_interfaces/local/lib/python3.10/dist-packages/robo_interfaces/msg/__init__.py
[0.319s] -- Up-to-date: /home/fsrobo/master-slave-robohub/install/robo_interfaces/local/lib/python3.10/dist-packages/robo_interfaces/msg/_set_angle.py
[0.346s] Listing '/home/fsrobo/master-slave-robohub/install/robo_interfaces/local/lib/python3.10/dist-packages/robo_interfaces'...
[0.346s] Listing '/home/fsrobo/master-slave-robohub/install/robo_interfaces/local/lib/python3.10/dist-packages/robo_interfaces/msg'...
[0.346s] Listing '/home/fsrobo/master-slave-robohub/install/robo_interfaces/local/lib/python3.10/dist-packages/robo_interfaces/srv'...
[0.350s] -- Up-to-date: /home/fsrobo/master-slave-robohub/install/robo_interfaces/local/lib/python3.10/dist-packages/robo_interfaces/robo_interfaces_s__rosidl_typesupport_fastrtps_c.cpython-310-x86_64-linux-gnu.so
[0.350s] -- Up-to-date: /home/fsrobo/master-slave-robohub/install/robo_interfaces/local/lib/python3.10/dist-packages/robo_interfaces/robo_interfaces_s__rosidl_typesupport_introspection_c.cpython-310-x86_64-linux-gnu.so
[0.350s] -- Up-to-date: /home/fsrobo/master-slave-robohub/install/robo_interfaces/local/lib/python3.10/dist-packages/robo_interfaces/robo_interfaces_s__rosidl_typesupport_c.cpython-310-x86_64-linux-gnu.so
[0.350s] -- Up-to-date: /home/fsrobo/master-slave-robohub/install/robo_interfaces/lib/librobo_interfaces__rosidl_generator_py.so
[0.350s] -- Up-to-date: /home/fsrobo/master-slave-robohub/install/robo_interfaces/share/robo_interfaces/srv/ReadData.idl
[0.351s] -- Up-to-date: /home/fsrobo/master-slave-robohub/install/robo_interfaces/share/robo_interfaces/srv/WriteData.idl
[0.351s] -- Up-to-date: /home/fsrobo/master-slave-robohub/install/robo_interfaces/share/robo_interfaces/msg/SetAngle.idl
[0.351s] -- Up-to-date: /home/fsrobo/master-slave-robohub/install/robo_interfaces/share/robo_interfaces/srv/ReadData.srv
[0.351s] -- Up-to-date: /home/fsrobo/master-slave-robohub/install/robo_interfaces/share/robo_interfaces/srv/ReadData_Request.msg
[0.351s] -- Up-to-date: /home/fsrobo/master-slave-robohub/install/robo_interfaces/share/robo_interfaces/srv/ReadData_Response.msg
[0.351s] -- Up-to-date: /home/fsrobo/master-slave-robohub/install/robo_interfaces/share/robo_interfaces/srv/WriteData.srv
[0.351s] -- Up-to-date: /home/fsrobo/master-slave-robohub/install/robo_interfaces/share/robo_interfaces/srv/WriteData_Request.msg
[0.351s] -- Up-to-date: /home/fsrobo/master-slave-robohub/install/robo_interfaces/share/robo_interfaces/srv/WriteData_Response.msg
[0.351s] -- Up-to-date: /home/fsrobo/master-slave-robohub/install/robo_interfaces/share/robo_interfaces/msg/SetAngle.msg
[0.351s] -- Up-to-date: /home/fsrobo/master-slave-robohub/install/robo_interfaces/share/ament_index/resource_index/package_run_dependencies/robo_interfaces
[0.352s] -- Up-to-date: /home/fsrobo/master-slave-robohub/install/robo_interfaces/share/ament_index/resource_index/parent_prefix_path/robo_interfaces
[0.352s] -- Up-to-date: /home/fsrobo/master-slave-robohub/install/robo_interfaces/share/robo_interfaces/environment/ament_prefix_path.sh
[0.352s] -- Up-to-date: /home/fsrobo/master-slave-robohub/install/robo_interfaces/share/robo_interfaces/environment/ament_prefix_path.dsv
[0.352s] -- Up-to-date: /home/fsrobo/master-slave-robohub/install/robo_interfaces/share/robo_interfaces/environment/path.sh
[0.352s] -- Up-to-date: /home/fsrobo/master-slave-robohub/install/robo_interfaces/share/robo_interfaces/environment/path.dsv
[0.352s] -- Up-to-date: /home/fsrobo/master-slave-robohub/install/robo_interfaces/share/robo_interfaces/local_setup.bash
[0.352s] -- Up-to-date: /home/fsrobo/master-slave-robohub/install/robo_interfaces/share/robo_interfaces/local_setup.sh
[0.352s] -- Up-to-date: /home/fsrobo/master-slave-robohub/install/robo_interfaces/share/robo_interfaces/local_setup.zsh
[0.352s] -- Up-to-date: /home/fsrobo/master-slave-robohub/install/robo_interfaces/share/robo_interfaces/local_setup.dsv
[0.352s] -- Installing: /home/fsrobo/master-slave-robohub/install/robo_interfaces/share/robo_interfaces/package.dsv
[0.352s] -- Up-to-date: /home/fsrobo/master-slave-robohub/install/robo_interfaces/share/ament_index/resource_index/packages/robo_interfaces
[0.352s] -- Up-to-date: /home/fsrobo/master-slave-robohub/install/robo_interfaces/share/robo_interfaces/cmake/export_robo_interfaces__rosidl_generator_cExport.cmake
[0.353s] -- Up-to-date: /home/fsrobo/master-slave-robohub/install/robo_interfaces/share/robo_interfaces/cmake/export_robo_interfaces__rosidl_generator_cExport-noconfig.cmake
[0.353s] -- Up-to-date: /home/fsrobo/master-slave-robohub/install/robo_interfaces/share/robo_interfaces/cmake/export_robo_interfaces__rosidl_typesupport_fastrtps_cExport.cmake
[0.353s] -- Up-to-date: /home/fsrobo/master-slave-robohub/install/robo_interfaces/share/robo_interfaces/cmake/export_robo_interfaces__rosidl_typesupport_fastrtps_cExport-noconfig.cmake
[0.353s] -- Up-to-date: /home/fsrobo/master-slave-robohub/install/robo_interfaces/share/robo_interfaces/cmake/robo_interfaces__rosidl_typesupport_introspection_cExport.cmake
[0.353s] -- Up-to-date: /home/fsrobo/master-slave-robohub/install/robo_interfaces/share/robo_interfaces/cmake/robo_interfaces__rosidl_typesupport_introspection_cExport-noconfig.cmake
[0.353s] -- Up-to-date: /home/fsrobo/master-slave-robohub/install/robo_interfaces/share/robo_interfaces/cmake/robo_interfaces__rosidl_typesupport_cExport.cmake
[0.353s] -- Up-to-date: /home/fsrobo/master-slave-robohub/install/robo_interfaces/share/robo_interfaces/cmake/robo_interfaces__rosidl_typesupport_cExport-noconfig.cmake
[0.353s] -- Up-to-date: /home/fsrobo/master-slave-robohub/install/robo_interfaces/share/robo_interfaces/cmake/export_robo_interfaces__rosidl_generator_cppExport.cmake
[0.353s] -- Up-to-date: /home/fsrobo/master-slave-robohub/install/robo_interfaces/share/robo_interfaces/cmake/export_robo_interfaces__rosidl_typesupport_fastrtps_cppExport.cmake
[0.353s] -- Up-to-date: /home/fsrobo/master-slave-robohub/install/robo_interfaces/share/robo_interfaces/cmake/export_robo_interfaces__rosidl_typesupport_fastrtps_cppExport-noconfig.cmake
[0.353s] -- Up-to-date: /home/fsrobo/master-slave-robohub/install/robo_interfaces/share/robo_interfaces/cmake/robo_interfaces__rosidl_typesupport_introspection_cppExport.cmake
[0.354s] -- Up-to-date: /home/fsrobo/master-slave-robohub/install/robo_interfaces/share/robo_interfaces/cmake/robo_interfaces__rosidl_typesupport_introspection_cppExport-noconfig.cmake
[0.354s] -- Up-to-date: /home/fsrobo/master-slave-robohub/install/robo_interfaces/share/robo_interfaces/cmake/robo_interfaces__rosidl_typesupport_cppExport.cmake
[0.354s] -- Up-to-date: /home/fsrobo/master-slave-robohub/install/robo_interfaces/share/robo_interfaces/cmake/robo_interfaces__rosidl_typesupport_cppExport-noconfig.cmake
[0.354s] -- Up-to-date: /home/fsrobo/master-slave-robohub/install/robo_interfaces/share/robo_interfaces/cmake/export_robo_interfaces__rosidl_generator_pyExport.cmake
[0.354s] -- Up-to-date: /home/fsrobo/master-slave-robohub/install/robo_interfaces/share/robo_interfaces/cmake/export_robo_interfaces__rosidl_generator_pyExport-noconfig.cmake
[0.354s] -- Up-to-date: /home/fsrobo/master-slave-robohub/install/robo_interfaces/share/robo_interfaces/cmake/rosidl_cmake-extras.cmake
[0.354s] -- Up-to-date: /home/fsrobo/master-slave-robohub/install/robo_interfaces/share/robo_interfaces/cmake/ament_cmake_export_include_directories-extras.cmake
[0.354s] -- Up-to-date: /home/fsrobo/master-slave-robohub/install/robo_interfaces/share/robo_interfaces/cmake/ament_cmake_export_libraries-extras.cmake
[0.354s] -- Up-to-date: /home/fsrobo/master-slave-robohub/install/robo_interfaces/share/robo_interfaces/cmake/ament_cmake_export_targets-extras.cmake
[0.354s] -- Up-to-date: /home/fsrobo/master-slave-robohub/install/robo_interfaces/share/robo_interfaces/cmake/rosidl_cmake_export_typesupport_targets-extras.cmake
[0.354s] -- Up-to-date: /home/fsrobo/master-slave-robohub/install/robo_interfaces/share/robo_interfaces/cmake/ament_cmake_export_dependencies-extras.cmake
[0.354s] -- Up-to-date: /home/fsrobo/master-slave-robohub/install/robo_interfaces/share/robo_interfaces/cmake/rosidl_cmake_export_typesupport_libraries-extras.cmake
[0.354s] -- Up-to-date: /home/fsrobo/master-slave-robohub/install/robo_interfaces/share/robo_interfaces/cmake/robo_interfacesConfig.cmake
[0.355s] -- Up-to-date: /home/fsrobo/master-slave-robohub/install/robo_interfaces/share/robo_interfaces/cmake/robo_interfacesConfig-version.cmake
[0.355s] -- Up-to-date: /home/fsrobo/master-slave-robohub/install/robo_interfaces/share/robo_interfaces/package.xml
[0.356s] Invoked command in '/home/fsrobo/master-slave-robohub/build/robo_interfaces' returned '0': CMAKE_PREFIX_PATH=${CMAKE_PREFIX_PATH}:/home/fsrobo/master-slave-robohub/install/robo_leader:/home/fsrobo/master-slave-robohub/install/robo_follower:/home/fsrobo/starai-arm-moveit2/install/viola_description:/home/fsrobo/starai-arm-moveit2/install/viola_controller:/home/fsrobo/starai-arm-moveit2/install/robo_driver:/home/fsrobo/starai-arm-moveit2/install/cello_description:/home/fsrobo/starai-arm-moveit2/install/cello_controller:/opt/ros/humble /usr/bin/cmake --install /home/fsrobo/master-slave-robohub/build/robo_interfaces
