running egg_info
writing ../../build/robo_follower/robo_follower.egg-info/PKG-INFO
writing dependency_links to ../../build/robo_follower/robo_follower.egg-info/dependency_links.txt
writing entry points to ../../build/robo_follower/robo_follower.egg-info/entry_points.txt
writing requirements to ../../build/robo_follower/robo_follower.egg-info/requires.txt
writing top-level names to ../../build/robo_follower/robo_follower.egg-info/top_level.txt
reading manifest file '../../build/robo_follower/robo_follower.egg-info/SOURCES.txt'
writing manifest file '../../build/robo_follower/robo_follower.egg-info/SOURCES.txt'
running build
running build_py
copying robo_follower/robo_follower.py -> /home/fsrobo/master-slave-robohub/build/robo_follower/build/lib/robo_follower
running install
running install_lib
copying /home/fsrobo/master-slave-robohub/build/robo_follower/build/lib/robo_follower/robo_follower.py -> /home/fsrobo/master-slave-robohub/install/robo_follower/lib/python3.10/site-packages/robo_follower
byte-compiling /home/fsrobo/master-slave-robohub/install/robo_follower/lib/python3.10/site-packages/robo_follower/robo_follower.py to robo_follower.cpython-310.pyc
running install_data
running install_egg_info
removing '/home/fsrobo/master-slave-robohub/install/robo_follower/lib/python3.10/site-packages/robo_follower-0.0.0-py3.10.egg-info' (and everything under it)
Copying ../../build/robo_follower/robo_follower.egg-info to /home/fsrobo/master-slave-robohub/install/robo_follower/lib/python3.10/site-packages/robo_follower-0.0.0-py3.10.egg-info
running install_scripts
Installing follower script to /home/fsrobo/master-slave-robohub/install/robo_follower/lib/robo_follower
writing list of installed files to '/home/fsrobo/master-slave-robohub/build/robo_follower/install.log'
