[0.632s] Invoking command in '/home/fsrobo/master-slave-robohub/src/robo_follower': PYTHONPATH=/home/fsrobo/master-slave-robohub/build/robo_follower/prefix_override:/usr/lib/python3/dist-packages/colcon_core/task/python/colcon_distutils_commands:/home/fsrobo/master-slave-robohub/install/robo_follower/lib/python3.10/site-packages:${PYTHONPATH} /usr/bin/python3 -W ignore:setup.py install is deprecated -W ignore:easy_install command is deprecated setup.py egg_info --egg-base ../../build/robo_follower build --build-base /home/fsrobo/master-slave-robohub/build/robo_follower/build install --record /home/fsrobo/master-slave-robohub/build/robo_follower/install.log --single-version-externally-managed install_data
[0.796s] running egg_info
[0.797s] writing ../../build/robo_follower/robo_follower.egg-info/PKG-INFO
[0.797s] writing dependency_links to ../../build/robo_follower/robo_follower.egg-info/dependency_links.txt
[0.797s] writing entry points to ../../build/robo_follower/robo_follower.egg-info/entry_points.txt
[0.797s] writing requirements to ../../build/robo_follower/robo_follower.egg-info/requires.txt
[0.797s] writing top-level names to ../../build/robo_follower/robo_follower.egg-info/top_level.txt
[0.798s] reading manifest file '../../build/robo_follower/robo_follower.egg-info/SOURCES.txt'
[0.799s] writing manifest file '../../build/robo_follower/robo_follower.egg-info/SOURCES.txt'
[0.799s] running build
[0.799s] running build_py
[0.799s] copying robo_follower/robo_follower.py -> /home/fsrobo/master-slave-robohub/build/robo_follower/build/lib/robo_follower
[0.799s] running install
[0.799s] running install_lib
[0.800s] copying /home/fsrobo/master-slave-robohub/build/robo_follower/build/lib/robo_follower/robo_follower.py -> /home/fsrobo/master-slave-robohub/install/robo_follower/lib/python3.10/site-packages/robo_follower
[0.800s] byte-compiling /home/fsrobo/master-slave-robohub/install/robo_follower/lib/python3.10/site-packages/robo_follower/robo_follower.py to robo_follower.cpython-310.pyc
[0.801s] running install_data
[0.801s] running install_egg_info
[0.803s] removing '/home/fsrobo/master-slave-robohub/install/robo_follower/lib/python3.10/site-packages/robo_follower-0.0.0-py3.10.egg-info' (and everything under it)
[0.804s] Copying ../../build/robo_follower/robo_follower.egg-info to /home/fsrobo/master-slave-robohub/install/robo_follower/lib/python3.10/site-packages/robo_follower-0.0.0-py3.10.egg-info
[0.804s] running install_scripts
[0.819s] Installing follower script to /home/fsrobo/master-slave-robohub/install/robo_follower/lib/robo_follower
[0.819s] writing list of installed files to '/home/fsrobo/master-slave-robohub/build/robo_follower/install.log'
[0.839s] Invoked command in '/home/fsrobo/master-slave-robohub/src/robo_follower' returned '0': PYTHONPATH=/home/fsrobo/master-slave-robohub/build/robo_follower/prefix_override:/usr/lib/python3/dist-packages/colcon_core/task/python/colcon_distutils_commands:/home/fsrobo/master-slave-robohub/install/robo_follower/lib/python3.10/site-packages:${PYTHONPATH} /usr/bin/python3 -W ignore:setup.py install is deprecated -W ignore:easy_install command is deprecated setup.py egg_info --egg-base ../../build/robo_follower build --build-base /home/fsrobo/master-slave-robohub/build/robo_follower/build install --record /home/fsrobo/master-slave-robohub/build/robo_follower/install.log --single-version-externally-managed install_data
