-- The C compiler identification is GNU 11.4.0
-- The CXX compiler identification is GNU 11.4.0
-- Detecting C compiler ABI info
-- Detecting C compiler ABI info - done
-- Check for working C compiler: /usr/bin/cc - skipped
-- Detecting C compile features
-- Detecting C compile features - done
-- Detecting CXX compiler ABI info
-- Detecting CXX compiler ABI info - done
-- Check for working CXX compiler: /usr/bin/c++ - skipped
-- Detecting CXX compile features
-- Detecting CXX compile features - done
-- Found ament_cmake: 1.3.11 (/opt/ros/humble/share/ament_cmake/cmake)
-- Found Python3: /usr/bin/python3 (found version "3.10.12") found components: Interpreter 
-- Found ament_lint_auto: 0.12.12 (/opt/ros/humble/share/ament_lint_auto/cmake)
-- Found rosidl_default_generators: 1.2.0 (/opt/ros/humble/share/rosidl_default_generators/cmake)
-- Using all available rosidl_typesupport_c: rosidl_typesupport_fastrtps_c;rosidl_typesupport_introspection_c
-- Found rosidl_adapter: 3.1.6 (/opt/ros/humble/share/rosidl_adapter/cmake)
-- Using all available rosidl_typesupport_cpp: rosidl_typesupport_fastrtps_cpp;rosidl_typesupport_introspection_cpp
-- Found ament_cmake_ros: 0.10.0 (/opt/ros/humble/share/ament_cmake_ros/cmake)
-- Using all available rosidl_typesupport_c: rosidl_typesupport_fastrtps_c;rosidl_typesupport_introspection_c
-- Using all available rosidl_typesupport_cpp: rosidl_typesupport_fastrtps_cpp;rosidl_typesupport_introspection_cpp
-- Found PythonInterp: /usr/bin/python3 (found suitable version "3.10.12", minimum required is "3.6") 
-- Found python_cmake_module: 0.10.0 (/opt/ros/humble/share/python_cmake_module/cmake)
-- Found PythonLibs: /usr/lib/x86_64-linux-gnu/libpython3.10.so (found suitable version "3.10.12", minimum required is "3.5") 
-- Using PYTHON_EXECUTABLE: /usr/bin/python3
-- Using PYTHON_INCLUDE_DIRS: /usr/include/python3.10
-- Using PYTHON_LIBRARIES: /usr/lib/x86_64-linux-gnu/libpython3.10.so
-- Found PythonExtra: .so  
-- Added test 'lint_cmake' to check CMake code style
-- Added test 'xmllint' to check XML markup files
-- Configuring done
-- Generating done
-- Build files have been written to: /home/fsrobo/master-slave-robohub/build/robo_interfaces
[  2%] [34m[1mGenerating C code for ROS interfaces[0m
[  4%] [34m[1mGenerating C++ code for ROS interfaces[0m
[  4%] Built target ament_cmake_python_copy_robo_interfaces
running egg_info
creating robo_interfaces.egg-info
writing robo_interfaces.egg-info/PKG-INFO
writing dependency_links to robo_interfaces.egg-info/dependency_links.txt
writing top-level names to robo_interfaces.egg-info/top_level.txt
writing manifest file 'robo_interfaces.egg-info/SOURCES.txt'
reading manifest file 'robo_interfaces.egg-info/SOURCES.txt'
writing manifest file 'robo_interfaces.egg-info/SOURCES.txt'
[  4%] Built target ament_cmake_python_build_robo_interfaces_egg
[  4%] Built target robo_interfaces__cpp
[ 10%] [32mBuilding C object CMakeFiles/robo_interfaces__rosidl_generator_c.dir/rosidl_generator_c/robo_interfaces/srv/detail/write_data__functions.c.o[0m
[ 10%] [32mBuilding C object CMakeFiles/robo_interfaces__rosidl_generator_c.dir/rosidl_generator_c/robo_interfaces/msg/detail/set_angle__functions.c.o[0m
[ 10%] [32mBuilding C object CMakeFiles/robo_interfaces__rosidl_generator_c.dir/rosidl_generator_c/robo_interfaces/srv/detail/read_data__functions.c.o[0m
[ 12%] [34m[1mGenerating C++ type support dispatch for ROS interfaces[0m
[ 14%] [34m[1mGenerating C++ type support for eProsima Fast-RTPS[0m
[ 17%] [34m[1mGenerating C++ introspection for ROS interfaces[0m
[ 19%] [32m[1mLinking C shared library librobo_interfaces__rosidl_generator_c.so[0m
[ 19%] Built target robo_interfaces__rosidl_generator_c
[ 21%] [34m[1mGenerating C type support for eProsima Fast-RTPS[0m
[ 25%] [34m[1mGenerating C type support dispatch for ROS interfaces[0m
[ 25%] [34m[1mGenerating C introspection for ROS interfaces[0m
[ 31%] [32mBuilding CXX object CMakeFiles/robo_interfaces__rosidl_typesupport_cpp.dir/rosidl_typesupport_cpp/robo_interfaces/msg/set_angle__type_support.cpp.o[0m
[ 31%] [32mBuilding CXX object CMakeFiles/robo_interfaces__rosidl_typesupport_cpp.dir/rosidl_typesupport_cpp/robo_interfaces/srv/read_data__type_support.cpp.o[0m
[ 31%] [32mBuilding CXX object CMakeFiles/robo_interfaces__rosidl_typesupport_cpp.dir/rosidl_typesupport_cpp/robo_interfaces/srv/write_data__type_support.cpp.o[0m
[ 34%] [32mBuilding CXX object CMakeFiles/robo_interfaces__rosidl_typesupport_introspection_cpp.dir/rosidl_typesupport_introspection_cpp/robo_interfaces/msg/detail/set_angle__type_support.cpp.o[0m
[ 36%] [32mBuilding CXX object CMakeFiles/robo_interfaces__rosidl_typesupport_introspection_cpp.dir/rosidl_typesupport_introspection_cpp/robo_interfaces/srv/detail/read_data__type_support.cpp.o[0m
[ 38%] [32mBuilding CXX object CMakeFiles/robo_interfaces__rosidl_typesupport_introspection_cpp.dir/rosidl_typesupport_introspection_cpp/robo_interfaces/srv/detail/write_data__type_support.cpp.o[0m
[ 40%] [32mBuilding CXX object CMakeFiles/robo_interfaces__rosidl_typesupport_fastrtps_cpp.dir/rosidl_typesupport_fastrtps_cpp/robo_interfaces/msg/detail/dds_fastrtps/set_angle__type_support.cpp.o[0m
[ 44%] [32mBuilding CXX object CMakeFiles/robo_interfaces__rosidl_typesupport_fastrtps_cpp.dir/rosidl_typesupport_fastrtps_cpp/robo_interfaces/srv/detail/dds_fastrtps/write_data__type_support.cpp.o[0m
[ 44%] [32mBuilding CXX object CMakeFiles/robo_interfaces__rosidl_typesupport_fastrtps_cpp.dir/rosidl_typesupport_fastrtps_cpp/robo_interfaces/srv/detail/dds_fastrtps/read_data__type_support.cpp.o[0m
[ 48%] [32mBuilding CXX object CMakeFiles/robo_interfaces__rosidl_typesupport_c.dir/rosidl_typesupport_c/robo_interfaces/msg/set_angle__type_support.cpp.o[0m
[ 48%] [32mBuilding CXX object CMakeFiles/robo_interfaces__rosidl_typesupport_c.dir/rosidl_typesupport_c/robo_interfaces/srv/read_data__type_support.cpp.o[0m
[ 51%] [32mBuilding CXX object CMakeFiles/robo_interfaces__rosidl_typesupport_c.dir/rosidl_typesupport_c/robo_interfaces/srv/write_data__type_support.cpp.o[0m
[ 53%] [32m[1mLinking CXX shared library librobo_interfaces__rosidl_typesupport_c.so[0m
[ 59%] [32mBuilding C object CMakeFiles/robo_interfaces__rosidl_typesupport_introspection_c.dir/rosidl_typesupport_introspection_c/robo_interfaces/msg/detail/set_angle__type_support.c.o[0m
[ 59%] [32mBuilding C object CMakeFiles/robo_interfaces__rosidl_typesupport_introspection_c.dir/rosidl_typesupport_introspection_c/robo_interfaces/srv/detail/write_data__type_support.c.o[0m
[ 59%] [32mBuilding C object CMakeFiles/robo_interfaces__rosidl_typesupport_introspection_c.dir/rosidl_typesupport_introspection_c/robo_interfaces/srv/detail/read_data__type_support.c.o[0m
[ 59%] Built target robo_interfaces__rosidl_typesupport_c
[ 61%] [32m[1mLinking C shared library librobo_interfaces__rosidl_typesupport_introspection_c.so[0m
[ 61%] Built target robo_interfaces__rosidl_typesupport_introspection_c
[ 63%] [32mBuilding CXX object CMakeFiles/robo_interfaces__rosidl_typesupport_fastrtps_c.dir/rosidl_typesupport_fastrtps_c/robo_interfaces/srv/detail/read_data__type_support_c.cpp.o[0m
[ 68%] [32mBuilding CXX object CMakeFiles/robo_interfaces__rosidl_typesupport_fastrtps_c.dir/rosidl_typesupport_fastrtps_c/robo_interfaces/msg/detail/set_angle__type_support_c.cpp.o[0m
[ 68%] [32mBuilding CXX object CMakeFiles/robo_interfaces__rosidl_typesupport_fastrtps_c.dir/rosidl_typesupport_fastrtps_c/robo_interfaces/srv/detail/write_data__type_support_c.cpp.o[0m
[ 70%] [32m[1mLinking CXX shared library librobo_interfaces__rosidl_typesupport_cpp.so[0m
[ 70%] Built target robo_interfaces__rosidl_typesupport_cpp
[ 72%] [32m[1mLinking CXX shared library librobo_interfaces__rosidl_typesupport_introspection_cpp.so[0m
[ 72%] Built target robo_interfaces__rosidl_typesupport_introspection_cpp
[ 74%] [32m[1mLinking CXX shared library librobo_interfaces__rosidl_typesupport_fastrtps_cpp.so[0m
[ 76%] [32m[1mLinking CXX shared library librobo_interfaces__rosidl_typesupport_fastrtps_c.so[0m
[ 76%] Built target robo_interfaces__rosidl_typesupport_fastrtps_cpp
[ 76%] Built target robo_interfaces__rosidl_typesupport_fastrtps_c
[ 76%] Built target robo_interfaces
[ 78%] [34m[1mGenerating Python code for ROS interfaces[0m
[ 78%] Built target robo_interfaces__py
[ 80%] [32mBuilding C object CMakeFiles/robo_interfaces__rosidl_generator_py.dir/rosidl_generator_py/robo_interfaces/srv/_write_data_s.c.o[0m
[ 85%] [32mBuilding C object CMakeFiles/robo_interfaces__rosidl_generator_py.dir/rosidl_generator_py/robo_interfaces/srv/_read_data_s.c.o[0m
[ 85%] [32mBuilding C object CMakeFiles/robo_interfaces__rosidl_generator_py.dir/rosidl_generator_py/robo_interfaces/msg/_set_angle_s.c.o[0m
[ 87%] [32m[1mLinking C shared library rosidl_generator_py/robo_interfaces/librobo_interfaces__rosidl_generator_py.so[0m
[ 87%] Built target robo_interfaces__rosidl_generator_py
[ 89%] [32mBuilding C object CMakeFiles/robo_interfaces__rosidl_typesupport_introspection_c__pyext.dir/rosidl_generator_py/robo_interfaces/_robo_interfaces_s.ep.rosidl_typesupport_introspection_c.c.o[0m
[ 91%] [32mBuilding C object CMakeFiles/robo_interfaces__rosidl_typesupport_c__pyext.dir/rosidl_generator_py/robo_interfaces/_robo_interfaces_s.ep.rosidl_typesupport_c.c.o[0m
[ 93%] [32mBuilding C object CMakeFiles/robo_interfaces__rosidl_typesupport_fastrtps_c__pyext.dir/rosidl_generator_py/robo_interfaces/_robo_interfaces_s.ep.rosidl_typesupport_fastrtps_c.c.o[0m
[ 95%] [32m[1mLinking C shared library rosidl_generator_py/robo_interfaces/robo_interfaces_s__rosidl_typesupport_introspection_c.cpython-310-x86_64-linux-gnu.so[0m
[ 97%] [32m[1mLinking C shared library rosidl_generator_py/robo_interfaces/robo_interfaces_s__rosidl_typesupport_c.cpython-310-x86_64-linux-gnu.so[0m
[100%] [32m[1mLinking C shared library rosidl_generator_py/robo_interfaces/robo_interfaces_s__rosidl_typesupport_fastrtps_c.cpython-310-x86_64-linux-gnu.so[0m
[100%] Built target robo_interfaces__rosidl_typesupport_c__pyext
[100%] Built target robo_interfaces__rosidl_typesupport_introspection_c__pyext
[100%] Built target robo_interfaces__rosidl_typesupport_fastrtps_c__pyext
-- Install configuration: ""
-- Installing: /home/fsrobo/master-slave-robohub/install/robo_interfaces/share/ament_index/resource_index/rosidl_interfaces/robo_interfaces
-- Installing: /home/fsrobo/master-slave-robohub/install/robo_interfaces/include/robo_interfaces/robo_interfaces
-- Installing: /home/fsrobo/master-slave-robohub/install/robo_interfaces/include/robo_interfaces/robo_interfaces/srv
-- Installing: /home/fsrobo/master-slave-robohub/install/robo_interfaces/include/robo_interfaces/robo_interfaces/srv/read_data.h
-- Installing: /home/fsrobo/master-slave-robohub/install/robo_interfaces/include/robo_interfaces/robo_interfaces/srv/write_data.h
-- Installing: /home/fsrobo/master-slave-robohub/install/robo_interfaces/include/robo_interfaces/robo_interfaces/srv/detail
-- Installing: /home/fsrobo/master-slave-robohub/install/robo_interfaces/include/robo_interfaces/robo_interfaces/srv/detail/write_data__struct.h
-- Installing: /home/fsrobo/master-slave-robohub/install/robo_interfaces/include/robo_interfaces/robo_interfaces/srv/detail/read_data__functions.h
-- Installing: /home/fsrobo/master-slave-robohub/install/robo_interfaces/include/robo_interfaces/robo_interfaces/srv/detail/write_data__functions.c
-- Installing: /home/fsrobo/master-slave-robohub/install/robo_interfaces/include/robo_interfaces/robo_interfaces/srv/detail/write_data__functions.h
-- Installing: /home/fsrobo/master-slave-robohub/install/robo_interfaces/include/robo_interfaces/robo_interfaces/srv/detail/read_data__struct.h
-- Installing: /home/fsrobo/master-slave-robohub/install/robo_interfaces/include/robo_interfaces/robo_interfaces/srv/detail/write_data__type_support.h
-- Installing: /home/fsrobo/master-slave-robohub/install/robo_interfaces/include/robo_interfaces/robo_interfaces/srv/detail/read_data__functions.c
-- Installing: /home/fsrobo/master-slave-robohub/install/robo_interfaces/include/robo_interfaces/robo_interfaces/srv/detail/read_data__type_support.h
-- Installing: /home/fsrobo/master-slave-robohub/install/robo_interfaces/include/robo_interfaces/robo_interfaces/msg
-- Installing: /home/fsrobo/master-slave-robohub/install/robo_interfaces/include/robo_interfaces/robo_interfaces/msg/rosidl_generator_c__visibility_control.h
-- Installing: /home/fsrobo/master-slave-robohub/install/robo_interfaces/include/robo_interfaces/robo_interfaces/msg/set_angle.h
-- Installing: /home/fsrobo/master-slave-robohub/install/robo_interfaces/include/robo_interfaces/robo_interfaces/msg/detail
-- Installing: /home/fsrobo/master-slave-robohub/install/robo_interfaces/include/robo_interfaces/robo_interfaces/msg/detail/set_angle__functions.c
-- Installing: /home/fsrobo/master-slave-robohub/install/robo_interfaces/include/robo_interfaces/robo_interfaces/msg/detail/set_angle__type_support.h
-- Installing: /home/fsrobo/master-slave-robohub/install/robo_interfaces/include/robo_interfaces/robo_interfaces/msg/detail/set_angle__functions.h
-- Installing: /home/fsrobo/master-slave-robohub/install/robo_interfaces/include/robo_interfaces/robo_interfaces/msg/detail/set_angle__struct.h
-- Installing: /home/fsrobo/master-slave-robohub/install/robo_interfaces/share/robo_interfaces/environment/library_path.sh
-- Installing: /home/fsrobo/master-slave-robohub/install/robo_interfaces/share/robo_interfaces/environment/library_path.dsv
-- Installing: /home/fsrobo/master-slave-robohub/install/robo_interfaces/lib/librobo_interfaces__rosidl_generator_c.so
-- Set runtime path of "/home/fsrobo/master-slave-robohub/install/robo_interfaces/lib/librobo_interfaces__rosidl_generator_c.so" to ""
-- Up-to-date: /home/fsrobo/master-slave-robohub/install/robo_interfaces/include/robo_interfaces/robo_interfaces
-- Up-to-date: /home/fsrobo/master-slave-robohub/install/robo_interfaces/include/robo_interfaces/robo_interfaces/srv
-- Up-to-date: /home/fsrobo/master-slave-robohub/install/robo_interfaces/include/robo_interfaces/robo_interfaces/srv/detail
-- Installing: /home/fsrobo/master-slave-robohub/install/robo_interfaces/include/robo_interfaces/robo_interfaces/srv/detail/read_data__rosidl_typesupport_fastrtps_c.h
-- Installing: /home/fsrobo/master-slave-robohub/install/robo_interfaces/include/robo_interfaces/robo_interfaces/srv/detail/write_data__rosidl_typesupport_fastrtps_c.h
-- Up-to-date: /home/fsrobo/master-slave-robohub/install/robo_interfaces/include/robo_interfaces/robo_interfaces/msg
-- Installing: /home/fsrobo/master-slave-robohub/install/robo_interfaces/include/robo_interfaces/robo_interfaces/msg/rosidl_typesupport_fastrtps_c__visibility_control.h
-- Up-to-date: /home/fsrobo/master-slave-robohub/install/robo_interfaces/include/robo_interfaces/robo_interfaces/msg/detail
-- Installing: /home/fsrobo/master-slave-robohub/install/robo_interfaces/include/robo_interfaces/robo_interfaces/msg/detail/set_angle__rosidl_typesupport_fastrtps_c.h
-- Installing: /home/fsrobo/master-slave-robohub/install/robo_interfaces/lib/librobo_interfaces__rosidl_typesupport_fastrtps_c.so
-- Set runtime path of "/home/fsrobo/master-slave-robohub/install/robo_interfaces/lib/librobo_interfaces__rosidl_typesupport_fastrtps_c.so" to ""
-- Up-to-date: /home/fsrobo/master-slave-robohub/install/robo_interfaces/include/robo_interfaces/robo_interfaces
-- Up-to-date: /home/fsrobo/master-slave-robohub/install/robo_interfaces/include/robo_interfaces/robo_interfaces/srv
-- Up-to-date: /home/fsrobo/master-slave-robohub/install/robo_interfaces/include/robo_interfaces/robo_interfaces/srv/detail
-- Installing: /home/fsrobo/master-slave-robohub/install/robo_interfaces/include/robo_interfaces/robo_interfaces/srv/detail/write_data__rosidl_typesupport_introspection_c.h
-- Installing: /home/fsrobo/master-slave-robohub/install/robo_interfaces/include/robo_interfaces/robo_interfaces/srv/detail/write_data__type_support.c
-- Installing: /home/fsrobo/master-slave-robohub/install/robo_interfaces/include/robo_interfaces/robo_interfaces/srv/detail/read_data__type_support.c
-- Installing: /home/fsrobo/master-slave-robohub/install/robo_interfaces/include/robo_interfaces/robo_interfaces/srv/detail/read_data__rosidl_typesupport_introspection_c.h
-- Up-to-date: /home/fsrobo/master-slave-robohub/install/robo_interfaces/include/robo_interfaces/robo_interfaces/msg
-- Installing: /home/fsrobo/master-slave-robohub/install/robo_interfaces/include/robo_interfaces/robo_interfaces/msg/rosidl_typesupport_introspection_c__visibility_control.h
-- Up-to-date: /home/fsrobo/master-slave-robohub/install/robo_interfaces/include/robo_interfaces/robo_interfaces/msg/detail
-- Installing: /home/fsrobo/master-slave-robohub/install/robo_interfaces/include/robo_interfaces/robo_interfaces/msg/detail/set_angle__type_support.c
-- Installing: /home/fsrobo/master-slave-robohub/install/robo_interfaces/include/robo_interfaces/robo_interfaces/msg/detail/set_angle__rosidl_typesupport_introspection_c.h
-- Installing: /home/fsrobo/master-slave-robohub/install/robo_interfaces/lib/librobo_interfaces__rosidl_typesupport_introspection_c.so
-- Set runtime path of "/home/fsrobo/master-slave-robohub/install/robo_interfaces/lib/librobo_interfaces__rosidl_typesupport_introspection_c.so" to ""
-- Installing: /home/fsrobo/master-slave-robohub/install/robo_interfaces/lib/librobo_interfaces__rosidl_typesupport_c.so
-- Set runtime path of "/home/fsrobo/master-slave-robohub/install/robo_interfaces/lib/librobo_interfaces__rosidl_typesupport_c.so" to ""
-- Up-to-date: /home/fsrobo/master-slave-robohub/install/robo_interfaces/include/robo_interfaces/robo_interfaces
-- Up-to-date: /home/fsrobo/master-slave-robohub/install/robo_interfaces/include/robo_interfaces/robo_interfaces/srv
-- Installing: /home/fsrobo/master-slave-robohub/install/robo_interfaces/include/robo_interfaces/robo_interfaces/srv/write_data.hpp
-- Installing: /home/fsrobo/master-slave-robohub/install/robo_interfaces/include/robo_interfaces/robo_interfaces/srv/read_data.hpp
-- Up-to-date: /home/fsrobo/master-slave-robohub/install/robo_interfaces/include/robo_interfaces/robo_interfaces/srv/detail
-- Installing: /home/fsrobo/master-slave-robohub/install/robo_interfaces/include/robo_interfaces/robo_interfaces/srv/detail/read_data__struct.hpp
-- Installing: /home/fsrobo/master-slave-robohub/install/robo_interfaces/include/robo_interfaces/robo_interfaces/srv/detail/read_data__builder.hpp
-- Installing: /home/fsrobo/master-slave-robohub/install/robo_interfaces/include/robo_interfaces/robo_interfaces/srv/detail/write_data__traits.hpp
-- Installing: /home/fsrobo/master-slave-robohub/install/robo_interfaces/include/robo_interfaces/robo_interfaces/srv/detail/write_data__type_support.hpp
-- Installing: /home/fsrobo/master-slave-robohub/install/robo_interfaces/include/robo_interfaces/robo_interfaces/srv/detail/read_data__type_support.hpp
-- Installing: /home/fsrobo/master-slave-robohub/install/robo_interfaces/include/robo_interfaces/robo_interfaces/srv/detail/write_data__builder.hpp
-- Installing: /home/fsrobo/master-slave-robohub/install/robo_interfaces/include/robo_interfaces/robo_interfaces/srv/detail/write_data__struct.hpp
-- Installing: /home/fsrobo/master-slave-robohub/install/robo_interfaces/include/robo_interfaces/robo_interfaces/srv/detail/read_data__traits.hpp
-- Up-to-date: /home/fsrobo/master-slave-robohub/install/robo_interfaces/include/robo_interfaces/robo_interfaces/msg
-- Installing: /home/fsrobo/master-slave-robohub/install/robo_interfaces/include/robo_interfaces/robo_interfaces/msg/set_angle.hpp
-- Up-to-date: /home/fsrobo/master-slave-robohub/install/robo_interfaces/include/robo_interfaces/robo_interfaces/msg/detail
-- Installing: /home/fsrobo/master-slave-robohub/install/robo_interfaces/include/robo_interfaces/robo_interfaces/msg/detail/set_angle__type_support.hpp
-- Installing: /home/fsrobo/master-slave-robohub/install/robo_interfaces/include/robo_interfaces/robo_interfaces/msg/detail/set_angle__struct.hpp
-- Installing: /home/fsrobo/master-slave-robohub/install/robo_interfaces/include/robo_interfaces/robo_interfaces/msg/detail/set_angle__builder.hpp
-- Installing: /home/fsrobo/master-slave-robohub/install/robo_interfaces/include/robo_interfaces/robo_interfaces/msg/detail/set_angle__traits.hpp
-- Installing: /home/fsrobo/master-slave-robohub/install/robo_interfaces/include/robo_interfaces/robo_interfaces/msg/rosidl_generator_cpp__visibility_control.hpp
-- Up-to-date: /home/fsrobo/master-slave-robohub/install/robo_interfaces/include/robo_interfaces/robo_interfaces
-- Up-to-date: /home/fsrobo/master-slave-robohub/install/robo_interfaces/include/robo_interfaces/robo_interfaces/srv
-- Up-to-date: /home/fsrobo/master-slave-robohub/install/robo_interfaces/include/robo_interfaces/robo_interfaces/srv/detail
-- Installing: /home/fsrobo/master-slave-robohub/install/robo_interfaces/include/robo_interfaces/robo_interfaces/srv/detail/dds_fastrtps
-- Installing: /home/fsrobo/master-slave-robohub/install/robo_interfaces/include/robo_interfaces/robo_interfaces/srv/detail/read_data__rosidl_typesupport_fastrtps_cpp.hpp
-- Installing: /home/fsrobo/master-slave-robohub/install/robo_interfaces/include/robo_interfaces/robo_interfaces/srv/detail/write_data__rosidl_typesupport_fastrtps_cpp.hpp
-- Up-to-date: /home/fsrobo/master-slave-robohub/install/robo_interfaces/include/robo_interfaces/robo_interfaces/msg
-- Installing: /home/fsrobo/master-slave-robohub/install/robo_interfaces/include/robo_interfaces/robo_interfaces/msg/rosidl_typesupport_fastrtps_cpp__visibility_control.h
-- Up-to-date: /home/fsrobo/master-slave-robohub/install/robo_interfaces/include/robo_interfaces/robo_interfaces/msg/detail
-- Installing: /home/fsrobo/master-slave-robohub/install/robo_interfaces/include/robo_interfaces/robo_interfaces/msg/detail/dds_fastrtps
-- Installing: /home/fsrobo/master-slave-robohub/install/robo_interfaces/include/robo_interfaces/robo_interfaces/msg/detail/set_angle__rosidl_typesupport_fastrtps_cpp.hpp
-- Installing: /home/fsrobo/master-slave-robohub/install/robo_interfaces/lib/librobo_interfaces__rosidl_typesupport_fastrtps_cpp.so
-- Set runtime path of "/home/fsrobo/master-slave-robohub/install/robo_interfaces/lib/librobo_interfaces__rosidl_typesupport_fastrtps_cpp.so" to ""
-- Up-to-date: /home/fsrobo/master-slave-robohub/install/robo_interfaces/include/robo_interfaces/robo_interfaces
-- Up-to-date: /home/fsrobo/master-slave-robohub/install/robo_interfaces/include/robo_interfaces/robo_interfaces/srv
-- Up-to-date: /home/fsrobo/master-slave-robohub/install/robo_interfaces/include/robo_interfaces/robo_interfaces/srv/detail
-- Installing: /home/fsrobo/master-slave-robohub/install/robo_interfaces/include/robo_interfaces/robo_interfaces/srv/detail/write_data__type_support.cpp
-- Installing: /home/fsrobo/master-slave-robohub/install/robo_interfaces/include/robo_interfaces/robo_interfaces/srv/detail/read_data__rosidl_typesupport_introspection_cpp.hpp
-- Installing: /home/fsrobo/master-slave-robohub/install/robo_interfaces/include/robo_interfaces/robo_interfaces/srv/detail/write_data__rosidl_typesupport_introspection_cpp.hpp
-- Installing: /home/fsrobo/master-slave-robohub/install/robo_interfaces/include/robo_interfaces/robo_interfaces/srv/detail/read_data__type_support.cpp
-- Up-to-date: /home/fsrobo/master-slave-robohub/install/robo_interfaces/include/robo_interfaces/robo_interfaces/msg
-- Up-to-date: /home/fsrobo/master-slave-robohub/install/robo_interfaces/include/robo_interfaces/robo_interfaces/msg/detail
-- Installing: /home/fsrobo/master-slave-robohub/install/robo_interfaces/include/robo_interfaces/robo_interfaces/msg/detail/set_angle__type_support.cpp
-- Installing: /home/fsrobo/master-slave-robohub/install/robo_interfaces/include/robo_interfaces/robo_interfaces/msg/detail/set_angle__rosidl_typesupport_introspection_cpp.hpp
-- Installing: /home/fsrobo/master-slave-robohub/install/robo_interfaces/lib/librobo_interfaces__rosidl_typesupport_introspection_cpp.so
-- Set runtime path of "/home/fsrobo/master-slave-robohub/install/robo_interfaces/lib/librobo_interfaces__rosidl_typesupport_introspection_cpp.so" to ""
-- Installing: /home/fsrobo/master-slave-robohub/install/robo_interfaces/lib/librobo_interfaces__rosidl_typesupport_cpp.so
-- Set runtime path of "/home/fsrobo/master-slave-robohub/install/robo_interfaces/lib/librobo_interfaces__rosidl_typesupport_cpp.so" to ""
-- Installing: /home/fsrobo/master-slave-robohub/install/robo_interfaces/share/robo_interfaces/environment/pythonpath.sh
-- Installing: /home/fsrobo/master-slave-robohub/install/robo_interfaces/share/robo_interfaces/environment/pythonpath.dsv
-- Installing: /home/fsrobo/master-slave-robohub/install/robo_interfaces/local/lib/python3.10/dist-packages/robo_interfaces-0.0.0-py3.10.egg-info
-- Installing: /home/fsrobo/master-slave-robohub/install/robo_interfaces/local/lib/python3.10/dist-packages/robo_interfaces-0.0.0-py3.10.egg-info/top_level.txt
-- Installing: /home/fsrobo/master-slave-robohub/install/robo_interfaces/local/lib/python3.10/dist-packages/robo_interfaces-0.0.0-py3.10.egg-info/dependency_links.txt
-- Installing: /home/fsrobo/master-slave-robohub/install/robo_interfaces/local/lib/python3.10/dist-packages/robo_interfaces-0.0.0-py3.10.egg-info/SOURCES.txt
-- Installing: /home/fsrobo/master-slave-robohub/install/robo_interfaces/local/lib/python3.10/dist-packages/robo_interfaces-0.0.0-py3.10.egg-info/PKG-INFO
-- Installing: /home/fsrobo/master-slave-robohub/install/robo_interfaces/local/lib/python3.10/dist-packages/robo_interfaces
-- Installing: /home/fsrobo/master-slave-robohub/install/robo_interfaces/local/lib/python3.10/dist-packages/robo_interfaces/librobo_interfaces__rosidl_generator_py.so
-- Installing: /home/fsrobo/master-slave-robohub/install/robo_interfaces/local/lib/python3.10/dist-packages/robo_interfaces/_robo_interfaces_s.ep.rosidl_typesupport_fastrtps_c.c
-- Installing: /home/fsrobo/master-slave-robohub/install/robo_interfaces/local/lib/python3.10/dist-packages/robo_interfaces/srv
-- Installing: /home/fsrobo/master-slave-robohub/install/robo_interfaces/local/lib/python3.10/dist-packages/robo_interfaces/srv/__init__.py
-- Installing: /home/fsrobo/master-slave-robohub/install/robo_interfaces/local/lib/python3.10/dist-packages/robo_interfaces/srv/_write_data_s.c
-- Installing: /home/fsrobo/master-slave-robohub/install/robo_interfaces/local/lib/python3.10/dist-packages/robo_interfaces/srv/_read_data.py
-- Installing: /home/fsrobo/master-slave-robohub/install/robo_interfaces/local/lib/python3.10/dist-packages/robo_interfaces/srv/_read_data_s.c
-- Installing: /home/fsrobo/master-slave-robohub/install/robo_interfaces/local/lib/python3.10/dist-packages/robo_interfaces/srv/_write_data.py
-- Installing: /home/fsrobo/master-slave-robohub/install/robo_interfaces/local/lib/python3.10/dist-packages/robo_interfaces/robo_interfaces_s__rosidl_typesupport_fastrtps_c.cpython-310-x86_64-linux-gnu.so
-- Installing: /home/fsrobo/master-slave-robohub/install/robo_interfaces/local/lib/python3.10/dist-packages/robo_interfaces/__init__.py
-- Installing: /home/fsrobo/master-slave-robohub/install/robo_interfaces/local/lib/python3.10/dist-packages/robo_interfaces/robo_interfaces_s__rosidl_typesupport_c.cpython-310-x86_64-linux-gnu.so
-- Installing: /home/fsrobo/master-slave-robohub/install/robo_interfaces/local/lib/python3.10/dist-packages/robo_interfaces/_robo_interfaces_s.ep.rosidl_typesupport_introspection_c.c
-- Installing: /home/fsrobo/master-slave-robohub/install/robo_interfaces/local/lib/python3.10/dist-packages/robo_interfaces/robo_interfaces_s__rosidl_typesupport_introspection_c.cpython-310-x86_64-linux-gnu.so
-- Installing: /home/fsrobo/master-slave-robohub/install/robo_interfaces/local/lib/python3.10/dist-packages/robo_interfaces/_robo_interfaces_s.ep.rosidl_typesupport_c.c
-- Installing: /home/fsrobo/master-slave-robohub/install/robo_interfaces/local/lib/python3.10/dist-packages/robo_interfaces/msg
-- Installing: /home/fsrobo/master-slave-robohub/install/robo_interfaces/local/lib/python3.10/dist-packages/robo_interfaces/msg/_set_angle_s.c
-- Installing: /home/fsrobo/master-slave-robohub/install/robo_interfaces/local/lib/python3.10/dist-packages/robo_interfaces/msg/__init__.py
-- Installing: /home/fsrobo/master-slave-robohub/install/robo_interfaces/local/lib/python3.10/dist-packages/robo_interfaces/msg/_set_angle.py
Listing '/home/fsrobo/master-slave-robohub/install/robo_interfaces/local/lib/python3.10/dist-packages/robo_interfaces'...
Compiling '/home/fsrobo/master-slave-robohub/install/robo_interfaces/local/lib/python3.10/dist-packages/robo_interfaces/__init__.py'...
Listing '/home/fsrobo/master-slave-robohub/install/robo_interfaces/local/lib/python3.10/dist-packages/robo_interfaces/msg'...
Compiling '/home/fsrobo/master-slave-robohub/install/robo_interfaces/local/lib/python3.10/dist-packages/robo_interfaces/msg/__init__.py'...
Compiling '/home/fsrobo/master-slave-robohub/install/robo_interfaces/local/lib/python3.10/dist-packages/robo_interfaces/msg/_set_angle.py'...
Listing '/home/fsrobo/master-slave-robohub/install/robo_interfaces/local/lib/python3.10/dist-packages/robo_interfaces/srv'...
Compiling '/home/fsrobo/master-slave-robohub/install/robo_interfaces/local/lib/python3.10/dist-packages/robo_interfaces/srv/__init__.py'...
Compiling '/home/fsrobo/master-slave-robohub/install/robo_interfaces/local/lib/python3.10/dist-packages/robo_interfaces/srv/_read_data.py'...
Compiling '/home/fsrobo/master-slave-robohub/install/robo_interfaces/local/lib/python3.10/dist-packages/robo_interfaces/srv/_write_data.py'...
-- Installing: /home/fsrobo/master-slave-robohub/install/robo_interfaces/local/lib/python3.10/dist-packages/robo_interfaces/robo_interfaces_s__rosidl_typesupport_fastrtps_c.cpython-310-x86_64-linux-gnu.so
-- Set runtime path of "/home/fsrobo/master-slave-robohub/install/robo_interfaces/local/lib/python3.10/dist-packages/robo_interfaces/robo_interfaces_s__rosidl_typesupport_fastrtps_c.cpython-310-x86_64-linux-gnu.so" to ""
-- Installing: /home/fsrobo/master-slave-robohub/install/robo_interfaces/local/lib/python3.10/dist-packages/robo_interfaces/robo_interfaces_s__rosidl_typesupport_introspection_c.cpython-310-x86_64-linux-gnu.so
-- Set runtime path of "/home/fsrobo/master-slave-robohub/install/robo_interfaces/local/lib/python3.10/dist-packages/robo_interfaces/robo_interfaces_s__rosidl_typesupport_introspection_c.cpython-310-x86_64-linux-gnu.so" to ""
-- Installing: /home/fsrobo/master-slave-robohub/install/robo_interfaces/local/lib/python3.10/dist-packages/robo_interfaces/robo_interfaces_s__rosidl_typesupport_c.cpython-310-x86_64-linux-gnu.so
-- Set runtime path of "/home/fsrobo/master-slave-robohub/install/robo_interfaces/local/lib/python3.10/dist-packages/robo_interfaces/robo_interfaces_s__rosidl_typesupport_c.cpython-310-x86_64-linux-gnu.so" to ""
-- Installing: /home/fsrobo/master-slave-robohub/install/robo_interfaces/lib/librobo_interfaces__rosidl_generator_py.so
-- Set runtime path of "/home/fsrobo/master-slave-robohub/install/robo_interfaces/lib/librobo_interfaces__rosidl_generator_py.so" to ""
-- Installing: /home/fsrobo/master-slave-robohub/install/robo_interfaces/share/robo_interfaces/srv/ReadData.idl
-- Installing: /home/fsrobo/master-slave-robohub/install/robo_interfaces/share/robo_interfaces/srv/WriteData.idl
-- Installing: /home/fsrobo/master-slave-robohub/install/robo_interfaces/share/robo_interfaces/msg/SetAngle.idl
-- Installing: /home/fsrobo/master-slave-robohub/install/robo_interfaces/share/robo_interfaces/srv/ReadData.srv
-- Installing: /home/fsrobo/master-slave-robohub/install/robo_interfaces/share/robo_interfaces/srv/ReadData_Request.msg
-- Installing: /home/fsrobo/master-slave-robohub/install/robo_interfaces/share/robo_interfaces/srv/ReadData_Response.msg
-- Installing: /home/fsrobo/master-slave-robohub/install/robo_interfaces/share/robo_interfaces/srv/WriteData.srv
-- Installing: /home/fsrobo/master-slave-robohub/install/robo_interfaces/share/robo_interfaces/srv/WriteData_Request.msg
-- Installing: /home/fsrobo/master-slave-robohub/install/robo_interfaces/share/robo_interfaces/srv/WriteData_Response.msg
-- Installing: /home/fsrobo/master-slave-robohub/install/robo_interfaces/share/robo_interfaces/msg/SetAngle.msg
-- Installing: /home/fsrobo/master-slave-robohub/install/robo_interfaces/share/ament_index/resource_index/package_run_dependencies/robo_interfaces
-- Installing: /home/fsrobo/master-slave-robohub/install/robo_interfaces/share/ament_index/resource_index/parent_prefix_path/robo_interfaces
-- Installing: /home/fsrobo/master-slave-robohub/install/robo_interfaces/share/robo_interfaces/environment/ament_prefix_path.sh
-- Installing: /home/fsrobo/master-slave-robohub/install/robo_interfaces/share/robo_interfaces/environment/ament_prefix_path.dsv
-- Installing: /home/fsrobo/master-slave-robohub/install/robo_interfaces/share/robo_interfaces/environment/path.sh
-- Installing: /home/fsrobo/master-slave-robohub/install/robo_interfaces/share/robo_interfaces/environment/path.dsv
-- Installing: /home/fsrobo/master-slave-robohub/install/robo_interfaces/share/robo_interfaces/local_setup.bash
-- Installing: /home/fsrobo/master-slave-robohub/install/robo_interfaces/share/robo_interfaces/local_setup.sh
-- Installing: /home/fsrobo/master-slave-robohub/install/robo_interfaces/share/robo_interfaces/local_setup.zsh
-- Installing: /home/fsrobo/master-slave-robohub/install/robo_interfaces/share/robo_interfaces/local_setup.dsv
-- Installing: /home/fsrobo/master-slave-robohub/install/robo_interfaces/share/robo_interfaces/package.dsv
-- Installing: /home/fsrobo/master-slave-robohub/install/robo_interfaces/share/ament_index/resource_index/packages/robo_interfaces
-- Installing: /home/fsrobo/master-slave-robohub/install/robo_interfaces/share/robo_interfaces/cmake/export_robo_interfaces__rosidl_generator_cExport.cmake
-- Installing: /home/fsrobo/master-slave-robohub/install/robo_interfaces/share/robo_interfaces/cmake/export_robo_interfaces__rosidl_generator_cExport-noconfig.cmake
-- Installing: /home/fsrobo/master-slave-robohub/install/robo_interfaces/share/robo_interfaces/cmake/export_robo_interfaces__rosidl_typesupport_fastrtps_cExport.cmake
-- Installing: /home/fsrobo/master-slave-robohub/install/robo_interfaces/share/robo_interfaces/cmake/export_robo_interfaces__rosidl_typesupport_fastrtps_cExport-noconfig.cmake
-- Installing: /home/fsrobo/master-slave-robohub/install/robo_interfaces/share/robo_interfaces/cmake/robo_interfaces__rosidl_typesupport_introspection_cExport.cmake
-- Installing: /home/fsrobo/master-slave-robohub/install/robo_interfaces/share/robo_interfaces/cmake/robo_interfaces__rosidl_typesupport_introspection_cExport-noconfig.cmake
-- Installing: /home/fsrobo/master-slave-robohub/install/robo_interfaces/share/robo_interfaces/cmake/robo_interfaces__rosidl_typesupport_cExport.cmake
-- Installing: /home/fsrobo/master-slave-robohub/install/robo_interfaces/share/robo_interfaces/cmake/robo_interfaces__rosidl_typesupport_cExport-noconfig.cmake
-- Installing: /home/fsrobo/master-slave-robohub/install/robo_interfaces/share/robo_interfaces/cmake/export_robo_interfaces__rosidl_generator_cppExport.cmake
-- Installing: /home/fsrobo/master-slave-robohub/install/robo_interfaces/share/robo_interfaces/cmake/export_robo_interfaces__rosidl_typesupport_fastrtps_cppExport.cmake
-- Installing: /home/fsrobo/master-slave-robohub/install/robo_interfaces/share/robo_interfaces/cmake/export_robo_interfaces__rosidl_typesupport_fastrtps_cppExport-noconfig.cmake
-- Installing: /home/fsrobo/master-slave-robohub/install/robo_interfaces/share/robo_interfaces/cmake/robo_interfaces__rosidl_typesupport_introspection_cppExport.cmake
-- Installing: /home/fsrobo/master-slave-robohub/install/robo_interfaces/share/robo_interfaces/cmake/robo_interfaces__rosidl_typesupport_introspection_cppExport-noconfig.cmake
-- Installing: /home/fsrobo/master-slave-robohub/install/robo_interfaces/share/robo_interfaces/cmake/robo_interfaces__rosidl_typesupport_cppExport.cmake
-- Installing: /home/fsrobo/master-slave-robohub/install/robo_interfaces/share/robo_interfaces/cmake/robo_interfaces__rosidl_typesupport_cppExport-noconfig.cmake
-- Installing: /home/fsrobo/master-slave-robohub/install/robo_interfaces/share/robo_interfaces/cmake/export_robo_interfaces__rosidl_generator_pyExport.cmake
-- Installing: /home/fsrobo/master-slave-robohub/install/robo_interfaces/share/robo_interfaces/cmake/export_robo_interfaces__rosidl_generator_pyExport-noconfig.cmake
-- Installing: /home/fsrobo/master-slave-robohub/install/robo_interfaces/share/robo_interfaces/cmake/rosidl_cmake-extras.cmake
-- Installing: /home/fsrobo/master-slave-robohub/install/robo_interfaces/share/robo_interfaces/cmake/ament_cmake_export_include_directories-extras.cmake
-- Installing: /home/fsrobo/master-slave-robohub/install/robo_interfaces/share/robo_interfaces/cmake/ament_cmake_export_libraries-extras.cmake
-- Installing: /home/fsrobo/master-slave-robohub/install/robo_interfaces/share/robo_interfaces/cmake/ament_cmake_export_targets-extras.cmake
-- Installing: /home/fsrobo/master-slave-robohub/install/robo_interfaces/share/robo_interfaces/cmake/rosidl_cmake_export_typesupport_targets-extras.cmake
-- Installing: /home/fsrobo/master-slave-robohub/install/robo_interfaces/share/robo_interfaces/cmake/ament_cmake_export_dependencies-extras.cmake
-- Installing: /home/fsrobo/master-slave-robohub/install/robo_interfaces/share/robo_interfaces/cmake/rosidl_cmake_export_typesupport_libraries-extras.cmake
-- Installing: /home/fsrobo/master-slave-robohub/install/robo_interfaces/share/robo_interfaces/cmake/robo_interfacesConfig.cmake
-- Installing: /home/fsrobo/master-slave-robohub/install/robo_interfaces/share/robo_interfaces/cmake/robo_interfacesConfig-version.cmake
-- Installing: /home/fsrobo/master-slave-robohub/install/robo_interfaces/share/robo_interfaces/package.xml
